2016-08-22 15:54:37  [ main:0 ] - [ INFO ]  当前抓取的链接:http://www.veg.org.cn/zzbch/detailworm.asp?id=1
2016-08-22 15:54:38  [ main:441 ] - [ INFO ]  抓取的图片地址:showpic.asp?url=UploadFiles/20082141023426167.jpg
2016-08-22 15:54:38  [ main:445 ] - [ ERROR ]  unexpected url: showpic.asp?url=UploadFiles/20082141023426167.jpg
2016-08-22 15:54:38  [ main:484 ] - [ INFO ]  当前抓取的链接:http://www.veg.org.cn/zzbch/detailworm.asp?id=2
2016-08-22 15:54:38  [ main:601 ] - [ INFO ]  抓取的图片地址:showpic.asp?url=UploadFiles/200821410281860550.jpg
2016-08-22 15:54:38  [ main:604 ] - [ ERROR ]  unexpected url: showpic.asp?url=UploadFiles/200821410281860550.jpg
2016-08-22 15:54:38  [ main:633 ] - [ INFO ]  当前抓取的链接:http://www.veg.org.cn/zzbch/detailworm.asp?id=3
2016-08-22 15:54:39  [ main:1741 ] - [ INFO ]  抓取的图片地址:showpic.asp?url=UploadFiles/200821410234765135.jpg
2016-08-22 15:54:39  [ main:1742 ] - [ ERROR ]  unexpected url: showpic.asp?url=UploadFiles/200821410234765135.jpg
2016-08-22 15:54:39  [ main:1775 ] - [ INFO ]  当前抓取的链接:http://www.veg.org.cn/zzbch/detailworm.asp?id=4
2016-08-22 15:54:39  [ main:1903 ] - [ INFO ]  抓取的图片地址:showpic.asp?url=UploadFiles/200821410254269008.jpg
2016-08-22 15:54:39  [ main:1905 ] - [ ERROR ]  unexpected url: showpic.asp?url=UploadFiles/200821410254269008.jpg
2016-08-22 15:54:39  [ main:1942 ] - [ INFO ]  当前抓取的链接:http://www.veg.org.cn/zzbch/detailworm.asp?id=5
2016-08-22 15:54:40  [ main:3074 ] - [ INFO ]  抓取的图片地址:showpic.asp?url=UploadFiles/200821410481079924.jpg
2016-08-22 15:54:40  [ main:3077 ] - [ ERROR ]  unexpected url: showpic.asp?url=UploadFiles/200821410481079924.jpg
2016-08-22 15:54:40  [ main:3109 ] - [ INFO ]  当前抓取的链接:http://www.veg.org.cn/zzbch/detailworm.asp?id=6
2016-08-22 15:54:40  [ main:3224 ] - [ INFO ]  抓取的图片地址:showpic.asp?url=UploadFiles/200821410374418876.jpg
2016-08-22 15:54:40  [ main:3226 ] - [ ERROR ]  unexpected url: showpic.asp?url=UploadFiles/200821410374418876.jpg
2016-08-22 15:54:40  [ main:3259 ] - [ INFO ]  当前抓取的链接:http://www.veg.org.cn/zzbch/detailworm.asp?id=7
2016-08-22 15:54:41  [ main:3397 ] - [ INFO ]  当前抓取的链接:http://www.veg.org.cn/zzbch/detailworm.asp?id=8
2016-08-22 15:54:41  [ main:3505 ] - [ INFO ]  抓取的图片地址:showpic.asp?url=UploadFiles/200821410223146358.jpg
2016-08-22 15:54:41  [ main:3507 ] - [ ERROR ]  unexpected url: showpic.asp?url=UploadFiles/200821410223146358.jpg
2016-08-22 15:54:41  [ main:3553 ] - [ INFO ]  当前抓取的链接:http://www.veg.org.cn/zzbch/detailworm.asp?id=9
2016-08-22 15:57:52  [ main:0 ] - [ INFO ]  当前抓取的链接:http://www.veg.org.cn/zzbch/detailworm.asp?id=1
2016-08-22 16:00:14  [ main:142657 ] - [ INFO ]  抓取的图片地址:http://www.veg.org.cn/zzbch/showpic.asp?url=UploadFiles/20082141023426167.jpg
2016-08-22 16:00:55  [ main:183598 ] - [ INFO ]  当前抓取的链接:http://www.veg.org.cn/zzbch/detailworm.asp?id=2
2016-08-22 16:03:39  [ main:0 ] - [ INFO ]  当前抓取的链接:http://www.veg.org.cn/zzbch/detailworm.asp?id=1
2016-08-22 16:03:53  [ main:14375 ] - [ INFO ]  抓取的图片地址:http://www.veg.org.cn/zzbch/UploadFiles/20082141023426167.jpg
2016-08-22 16:07:24  [ main:225443 ] - [ ERROR ]  couldn't save chunks
2016-08-22 16:07:29  [ main:0 ] - [ INFO ]  当前抓取的链接:http://www.veg.org.cn/zzbch/detailworm.asp?id=1
2016-08-22 16:07:29  [ main:428 ] - [ INFO ]  抓取的图片地址:http://www.veg.org.cn/zzbch/UploadFiles/20082141023426167.jpg
2016-08-22 16:07:33  [ main:3858 ] - [ INFO ]  当前抓取的链接:http://www.veg.org.cn/zzbch/detailworm.asp?id=2
2016-08-22 16:07:33  [ main:3983 ] - [ INFO ]  抓取的图片地址:http://www.veg.org.cn/zzbch/UploadFiles/200821410281860550.jpg
2016-08-22 16:07:33  [ main:4538 ] - [ INFO ]  当前抓取的链接:http://www.veg.org.cn/zzbch/detailworm.asp?id=3
2016-08-22 16:07:33  [ main:4654 ] - [ INFO ]  抓取的图片地址:http://www.veg.org.cn/zzbch/UploadFiles/200821410234765135.jpg
2016-08-22 16:07:35  [ main:5864 ] - [ INFO ]  当前抓取的链接:http://www.veg.org.cn/zzbch/detailworm.asp?id=4
2016-08-22 16:07:35  [ main:6054 ] - [ INFO ]  抓取的图片地址:http://www.veg.org.cn/zzbch/UploadFiles/200821410254269008.jpg
2016-08-22 16:07:35  [ main:6444 ] - [ INFO ]  当前抓取的链接:http://www.veg.org.cn/zzbch/detailworm.asp?id=5
2016-08-22 16:07:35  [ main:6565 ] - [ INFO ]  抓取的图片地址:http://www.veg.org.cn/zzbch/UploadFiles/200821410481079924.jpg
2016-08-22 16:07:36  [ main:6799 ] - [ INFO ]  当前抓取的链接:http://www.veg.org.cn/zzbch/detailworm.asp?id=6
2016-08-22 16:07:36  [ main:6938 ] - [ INFO ]  抓取的图片地址:http://www.veg.org.cn/zzbch/UploadFiles/200821410374418876.jpg
2016-08-22 16:07:36  [ main:7051 ] - [ INFO ]  当前抓取的链接:http://www.veg.org.cn/zzbch/detailworm.asp?id=7
2016-08-22 16:07:36  [ main:7170 ] - [ INFO ]  当前抓取的链接:http://www.veg.org.cn/zzbch/detailworm.asp?id=8
2016-08-22 16:07:36  [ main:7302 ] - [ INFO ]  抓取的图片地址:http://www.veg.org.cn/zzbch/UploadFiles/200821410223146358.jpg
2016-08-22 16:07:36  [ main:7517 ] - [ INFO ]  当前抓取的链接:http://www.veg.org.cn/zzbch/detailworm.asp?id=9
2016-08-22 16:07:36  [ main:7636 ] - [ INFO ]  抓取的图片地址:http://www.veg.org.cn/zzbch/UploadFiles/200821410295341978.jpg
2016-08-22 16:07:37  [ main:7777 ] - [ INFO ]  当前抓取的链接:http://www.veg.org.cn/zzbch/detailworm.asp?id=10
2016-08-22 16:07:37  [ main:7887 ] - [ INFO ]  抓取的图片地址:http://www.veg.org.cn/zzbch/UploadFiles/200821410292569520.jpg
2016-08-22 16:07:37  [ main:8008 ] - [ INFO ]  当前抓取的链接:http://www.veg.org.cn/zzbch/detailworm.asp?id=11
2016-08-22 16:07:37  [ main:8120 ] - [ INFO ]  抓取的图片地址:http://www.veg.org.cn/zzbch/UploadFiles/200821410261530572.jpg
2016-08-22 16:07:37  [ main:8376 ] - [ INFO ]  当前抓取的链接:http://www.veg.org.cn/zzbch/detailworm.asp?id=12
2016-08-22 16:07:38  [ main:9516 ] - [ INFO ]  抓取的图片地址:http://www.veg.org.cn/zzbch/UploadFiles/200821410462328931.jpg
2016-08-22 16:07:38  [ main:9601 ] - [ INFO ]  当前抓取的链接:http://www.veg.org.cn/zzbch/detailworm.asp?id=13
2016-08-22 16:07:39  [ main:9737 ] - [ INFO ]  当前抓取的链接:http://www.veg.org.cn/zzbch/detailworm.asp?id=14
2016-08-22 16:07:40  [ main:10857 ] - [ INFO ]  当前抓取的链接:http://www.veg.org.cn/zzbch/detailworm.asp?id=15
2016-08-22 16:07:41  [ main:11966 ] - [ INFO ]  当前抓取的链接:http://www.veg.org.cn/zzbch/detailworm.asp?id=16
2016-08-22 16:07:44  [ main:15527 ] - [ INFO ]  当前抓取的链接:http://www.veg.org.cn/zzbch/detailworm.asp?id=17
2016-08-22 16:07:44  [ main:15637 ] - [ INFO ]  当前抓取的链接:http://www.veg.org.cn/zzbch/detailworm.asp?id=18
2016-08-22 16:07:46  [ main:16754 ] - [ INFO ]  当前抓取的链接:http://www.veg.org.cn/zzbch/detailworm.asp?id=19
2016-08-22 16:07:46  [ main:16878 ] - [ INFO ]  当前抓取的链接:http://www.veg.org.cn/zzbch/detailworm.asp?id=20
2016-08-22 16:07:46  [ main:16996 ] - [ INFO ]  当前抓取的链接:http://www.veg.org.cn/zzbch/detailworm.asp?id=21
2016-08-22 16:07:47  [ main:18129 ] - [ INFO ]  当前抓取的链接:http://www.veg.org.cn/zzbch/detailworm.asp?id=22
2016-08-22 16:07:47  [ main:18252 ] - [ INFO ]  当前抓取的链接:http://www.veg.org.cn/zzbch/detailworm.asp?id=23
2016-08-22 16:07:47  [ main:18371 ] - [ INFO ]  当前抓取的链接:http://www.veg.org.cn/zzbch/detailworm.asp?id=24
2016-08-22 16:07:47  [ main:18488 ] - [ INFO ]  当前抓取的链接:http://www.veg.org.cn/zzbch/detailworm.asp?id=25
2016-08-22 16:07:47  [ main:18606 ] - [ INFO ]  当前抓取的链接:http://www.veg.org.cn/zzbch/detailworm.asp?id=26
2016-08-22 16:07:51  [ main:21717 ] - [ INFO ]  当前抓取的链接:http://www.veg.org.cn/zzbch/detailworm.asp?id=27
2016-08-22 16:07:51  [ main:21824 ] - [ INFO ]  当前抓取的链接:http://www.veg.org.cn/zzbch/detailworm.asp?id=28
2016-08-22 16:07:53  [ main:24590 ] - [ INFO ]  当前抓取的链接:http://www.veg.org.cn/zzbch/detailworm.asp?id=29
2016-08-22 16:07:56  [ main:27581 ] - [ INFO ]  当前抓取的链接:http://www.veg.org.cn/zzbch/detailworm.asp?id=30
2016-08-22 16:07:57  [ main:27698 ] - [ INFO ]  抓取的图片地址:http://www.veg.org.cn/zzbch/UploadFiles/200812811203479718.jpg
2016-08-22 16:07:57  [ main:27789 ] - [ INFO ]  当前抓取的链接:http://www.veg.org.cn/zzbch/detailworm.asp?id=31
2016-08-22 16:07:57  [ main:28136 ] - [ INFO ]  抓取的图片地址:http://www.veg.org.cn/zzbch/UploadFiles/2008128110048214.jpg
2016-08-22 16:07:57  [ main:28209 ] - [ INFO ]  当前抓取的链接:http://www.veg.org.cn/zzbch/detailworm.asp?id=32
2016-08-22 16:07:57  [ main:28342 ] - [ INFO ]  抓取的图片地址:http://www.veg.org.cn/zzbch/UploadFiles/200812810422493444.jpg
2016-08-22 16:07:58  [ main:29637 ] - [ INFO ]  当前抓取的链接:http://www.veg.org.cn/zzbch/detailworm.asp?id=33
2016-08-22 16:07:59  [ main:29767 ] - [ INFO ]  抓取的图片地址:http://www.veg.org.cn/zzbch/UploadFiles/200812316193217412.jpg
2016-08-22 16:07:59  [ main:29854 ] - [ INFO ]  当前抓取的链接:http://www.veg.org.cn/zzbch/detailworm.asp?id=34
2016-08-22 16:07:59  [ main:29985 ] - [ INFO ]  抓取的图片地址:http://www.veg.org.cn/zzbch/UploadFiles/200812316352113266.jpg
2016-08-22 16:07:59  [ main:30236 ] - [ INFO ]  当前抓取的链接:http://www.veg.org.cn/zzbch/detailworm.asp?id=35
2016-08-22 16:08:00  [ main:31357 ] - [ INFO ]  抓取的图片地址:http://www.veg.org.cn/zzbch/UploadFiles/200821410212673412.jpg
2016-08-22 16:08:15  [ main:46429 ] - [ INFO ]  当前抓取的链接:http://www.veg.org.cn/zzbch/detailworm.asp?id=36
2016-08-22 16:08:15  [ main:46548 ] - [ INFO ]  抓取的图片地址:http://www.veg.org.cn/zzbch/UploadFiles/200821410443758122.jpg
2016-08-22 16:08:16  [ main:46670 ] - [ INFO ]  当前抓取的链接:http://www.veg.org.cn/zzbch/detailworm.asp?id=37
2016-08-22 16:08:16  [ main:46777 ] - [ INFO ]  抓取的图片地址:http://www.veg.org.cn/zzbch/UploadFiles/200821410432823140.jpg
2016-08-22 16:08:16  [ main:46967 ] - [ INFO ]  当前抓取的链接:http://www.veg.org.cn/zzbch/detailworm.asp?id=38
2016-08-22 16:08:16  [ main:47073 ] - [ INFO ]  抓取的图片地址:http://www.veg.org.cn/zzbch/UploadFiles/200821410364468293.jpg
2016-08-22 16:08:16  [ main:47159 ] - [ INFO ]  当前抓取的链接:http://www.veg.org.cn/zzbch/detailworm.asp?id=39
2016-08-22 16:08:17  [ main:48278 ] - [ INFO ]  抓取的图片地址:http://www.veg.org.cn/zzbch/UploadFiles/20082141031494377.jpg
2016-08-22 16:08:17  [ main:48457 ] - [ INFO ]  当前抓取的链接:http://www.veg.org.cn/zzbch/detailworm.asp?id=40
2016-08-22 16:08:18  [ main:48813 ] - [ INFO ]  当前抓取的链接:http://www.veg.org.cn/zzbch/detailworm.asp?id=41
2016-08-22 16:08:20  [ main:51279 ] - [ INFO ]  抓取的图片地址:http://www.veg.org.cn/zzbch/UploadFiles/200821410285172723.jpg
2016-08-22 16:08:21  [ main:52467 ] - [ INFO ]  当前抓取的链接:http://www.veg.org.cn/zzbch/detailworm.asp?id=42
2016-08-22 16:08:24  [ main:55454 ] - [ INFO ]  抓取的图片地址:http://www.veg.org.cn/zzbch/UploadFiles/20082141036639415.jpg
2016-08-22 16:08:24  [ main:55530 ] - [ INFO ]  当前抓取的链接:http://www.veg.org.cn/zzbch/detailworm.asp?id=43
2016-08-22 16:08:25  [ main:55659 ] - [ INFO ]  当前抓取的链接:http://www.veg.org.cn/zzbch/detailworm.asp?id=44
2016-08-22 16:08:25  [ main:55784 ] - [ INFO ]  当前抓取的链接:http://www.veg.org.cn/zzbch/detailworm.asp?id=45
2016-08-22 16:08:25  [ main:55908 ] - [ INFO ]  抓取的图片地址:http://www.veg.org.cn/zzbch/UploadFiles/200812316363736497.jpg
2016-08-22 16:08:25  [ main:56077 ] - [ INFO ]  当前抓取的链接:http://www.veg.org.cn/zzbch/detailworm.asp?id=46
2016-08-22 16:08:28  [ main:58732 ] - [ INFO ]  抓取的图片地址:http://www.veg.org.cn/zzbch/UploadFiles/200812316372160304.jpg
2016-08-22 16:08:28  [ main:58859 ] - [ INFO ]  当前抓取的链接:http://www.veg.org.cn/zzbch/detailworm.asp?id=47
2016-08-22 16:08:35  [ main:65986 ] - [ INFO ]  当前抓取的链接:http://www.veg.org.cn/zzbch/detailworm.asp?id=48
2016-08-22 16:08:35  [ main:66120 ] - [ INFO ]  抓取的图片地址:http://www.veg.org.cn/zzbch/UploadFiles/200821410391861388.jpg
2016-08-22 16:08:35  [ main:66303 ] - [ INFO ]  当前抓取的链接:http://www.veg.org.cn/zzbch/detailworm.asp?id=49
2016-08-22 16:08:35  [ main:66417 ] - [ INFO ]  抓取的图片地址:http://www.veg.org.cn/zzbch/UploadFiles/200821410322512920.jpg
2016-08-22 16:08:36  [ main:66672 ] - [ INFO ]  当前抓取的链接:http://www.veg.org.cn/zzbch/detailworm.asp?id=50
2016-08-22 16:08:36  [ main:67012 ] - [ INFO ]  抓取的图片地址:http://www.veg.org.cn/zzbch/UploadFiles/200821410315486721.jpg
2016-08-22 16:08:36  [ main:67299 ] - [ INFO ]  当前抓取的链接:http://www.veg.org.cn/zzbch/detailworm.asp?id=51
2016-08-22 16:08:36  [ main:67417 ] - [ INFO ]  抓取的图片地址:http://www.veg.org.cn/zzbch/UploadFiles/200821410394960234.jpg
2016-08-22 16:08:37  [ main:67825 ] - [ INFO ]  当前抓取的链接:http://www.veg.org.cn/zzbch/detailworm.asp?id=52
2016-08-22 16:08:37  [ main:67932 ] - [ INFO ]  抓取的图片地址:http://www.veg.org.cn/zzbch/UploadFiles/200821410401836664.jpg
2016-08-22 16:08:37  [ main:68118 ] - [ INFO ]  当前抓取的链接:http://www.veg.org.cn/zzbch/detailworm.asp?id=53
2016-08-22 16:08:40  [ main:71203 ] - [ INFO ]  抓取的图片地址:http://www.veg.org.cn/zzbch/UploadFiles/200821410385082350.jpg
2016-08-22 16:08:43  [ main:74315 ] - [ INFO ]  当前抓取的链接:http://www.veg.org.cn/zzbch/detailworm.asp?id=54
2016-08-22 16:08:45  [ main:76080 ] - [ INFO ]  抓取的图片地址:http://www.veg.org.cn/zzbch/UploadFiles/200821410251062707.jpg
2016-08-22 16:08:45  [ main:76363 ] - [ INFO ]  当前抓取的链接:http://www.veg.org.cn/zzbch/detailworm.asp?id=55
2016-08-22 16:08:46  [ main:77385 ] - [ INFO ]  抓取的图片地址:http://www.veg.org.cn/zzbch/UploadFiles/200821410325415183.jpg
2016-08-22 16:08:46  [ main:77442 ] - [ INFO ]  当前抓取的链接:http://www.veg.org.cn/zzbch/detailworm.asp?id=56
2016-08-22 16:08:47  [ main:77777 ] - [ INFO ]  抓取的图片地址:http://www.veg.org.cn/zzbch/UploadFiles/200821410405227721.jpg
2016-08-22 16:08:47  [ main:77980 ] - [ INFO ]  当前抓取的链接:http://www.veg.org.cn/zzbch/detailworm.asp?id=57
2016-08-22 16:08:47  [ main:78088 ] - [ INFO ]  抓取的图片地址:http://www.veg.org.cn/zzbch/UploadFiles/200821410382360207.jpg
2016-08-22 16:08:47  [ main:78186 ] - [ INFO ]  当前抓取的链接:http://www.veg.org.cn/zzbch/detailworm.asp?id=58
2016-08-22 16:08:48  [ main:79292 ] - [ INFO ]  抓取的图片地址:http://www.veg.org.cn/zzbch/UploadFiles/200821410302778035.jpg
2016-08-22 16:08:48  [ main:79460 ] - [ INFO ]  当前抓取的链接:http://www.veg.org.cn/zzbch/detailworm.asp?id=59
2016-08-22 16:08:48  [ main:79573 ] - [ INFO ]  抓取的图片地址:http://www.veg.org.cn/zzbch/UploadFiles/200821410332666352.jpg
2016-08-22 16:08:58  [ main:89582 ] - [ ERROR ]  RequestFailedException{url='http://www.veg.org.cn/zzbch/UploadFiles/200821410332666352.jpg', params='', message='connect timed out'}
2016-08-22 16:08:58  [ main:89620 ] - [ INFO ]  当前抓取的链接:http://www.veg.org.cn/zzbch/detailworm.asp?id=60
2016-08-22 16:08:59  [ main:89748 ] - [ INFO ]  抓取的图片地址:http://www.veg.org.cn/zzbch/UploadFiles/200812417272016204.jpg
2016-08-22 16:08:59  [ main:90008 ] - [ INFO ]  当前抓取的链接:http://www.veg.org.cn/zzbch/detailworm.asp?id=61
2016-08-22 16:09:00  [ main:91122 ] - [ INFO ]  当前抓取的链接:http://www.veg.org.cn/zzbch/detailworm.asp?id=62
2016-08-22 16:09:00  [ main:91245 ] - [ INFO ]  抓取的图片地址:http://www.veg.org.cn/zzbch/UploadFiles/200812316284489390.jpg
2016-08-22 16:09:00  [ main:91606 ] - [ INFO ]  当前抓取的链接:http://www.veg.org.cn/zzbch/detailworm.asp?id=63
2016-08-22 16:09:04  [ main:94713 ] - [ INFO ]  抓取的图片地址:http://www.veg.org.cn/zzbch/UploadFiles/20081231628856437.jpg
2016-08-22 16:09:04  [ main:95569 ] - [ INFO ]  当前抓取的链接:http://www.veg.org.cn/zzbch/detailworm.asp?id=64
2016-08-22 16:09:05  [ main:95704 ] - [ INFO ]  抓取的图片地址:http://www.veg.org.cn/zzbch/UploadFiles/200812316272724577.jpg
2016-08-22 16:09:08  [ main:98731 ] - [ INFO ]  当前抓取的链接:http://www.veg.org.cn/zzbch/detailworm.asp?id=65
2016-08-22 16:09:08  [ main:98878 ] - [ INFO ]  当前抓取的链接:http://www.veg.org.cn/zzbch/detailworm.asp?id=66
2016-08-22 16:09:08  [ main:99001 ] - [ INFO ]  抓取的图片地址:http://www.veg.org.cn/zzbch/UploadFiles/200812316264249333.jpg
2016-08-22 16:09:08  [ main:99103 ] - [ INFO ]  当前抓取的链接:http://www.veg.org.cn/zzbch/detailworm.asp?id=67
2016-08-22 16:09:08  [ main:99220 ] - [ INFO ]  当前抓取的链接:http://www.veg.org.cn/zzbch/detailworm.asp?id=68
2016-08-22 16:09:08  [ main:99344 ] - [ INFO ]  抓取的图片地址:http://www.veg.org.cn/zzbch/UploadFiles/20081231612683277.jpg
2016-08-22 16:09:09  [ main:99901 ] - [ INFO ]  当前抓取的链接:http://www.veg.org.cn/zzbch/detailworm.asp?id=69
2016-08-22 16:09:10  [ main:101034 ] - [ INFO ]  抓取的图片地址:http://www.veg.org.cn/zzbch/UploadFiles/20081231654928302.jpg
2016-08-22 16:09:13  [ main:104253 ] - [ INFO ]  当前抓取的链接:http://www.veg.org.cn/zzbch/detailworm.asp?id=70
2016-08-22 16:09:14  [ main:105370 ] - [ INFO ]  当前抓取的链接:http://www.veg.org.cn/zzbch/detailworm.asp?id=71
2016-08-22 16:09:14  [ main:105485 ] - [ INFO ]  抓取的图片地址:http://www.veg.org.cn/zzbch/UploadFiles/200812316255049998.jpg
2016-08-22 16:09:14  [ main:105560 ] - [ INFO ]  当前抓取的链接:http://www.veg.org.cn/zzbch/detailworm.asp?id=72
2016-08-22 16:09:15  [ main:106145 ] - [ INFO ]  抓取的图片地址:http://www.veg.org.cn/zzbch/UploadFiles/200812316515269732.jpg
2016-08-22 16:09:15  [ main:106215 ] - [ INFO ]  当前抓取的链接:http://www.veg.org.cn/zzbch/detailworm.asp?id=73
2016-08-22 16:09:18  [ main:109479 ] - [ INFO ]  抓取的图片地址:http://www.veg.org.cn/zzbch/UploadFiles/20081231625394733.jpg
2016-08-22 16:09:19  [ main:110016 ] - [ INFO ]  当前抓取的链接:http://www.veg.org.cn/zzbch/detailworm.asp?id=74
2016-08-22 16:09:19  [ main:110136 ] - [ INFO ]  当前抓取的链接:http://www.veg.org.cn/zzbch/detailworm.asp?id=75
2016-08-22 16:09:19  [ main:110246 ] - [ INFO ]  当前抓取的链接:http://www.veg.org.cn/zzbch/detailworm.asp?id=76
2016-08-22 16:09:19  [ main:110356 ] - [ INFO ]  当前抓取的链接:http://www.veg.org.cn/zzbch/detailworm.asp?id=77
2016-08-22 16:09:19  [ main:110471 ] - [ INFO ]  当前抓取的链接:http://www.veg.org.cn/zzbch/detailworm.asp?id=78
2016-08-22 16:09:20  [ main:110835 ] - [ INFO ]  抓取的图片地址:http://www.veg.org.cn/zzbch/UploadFiles/20081231655892046.jpg
2016-08-22 16:09:20  [ main:110926 ] - [ INFO ]  当前抓取的链接:http://www.veg.org.cn/zzbch/detailworm.asp?id=79
2016-08-22 16:09:20  [ main:111054 ] - [ INFO ]  当前抓取的链接:http://www.veg.org.cn/zzbch/detailworm.asp?id=80
2016-08-22 16:09:20  [ main:111167 ] - [ INFO ]  抓取的图片地址:http://www.veg.org.cn/zzbch/UploadFiles/20081231624630953.jpg
2016-08-22 16:09:20  [ main:111266 ] - [ INFO ]  当前抓取的链接:http://www.veg.org.cn/zzbch/detailworm.asp?id=81
2016-08-22 16:09:20  [ main:111392 ] - [ INFO ]  抓取的图片地址:http://www.veg.org.cn/zzbch/UploadFiles/200812316225827064.jpg
2016-08-22 16:09:20  [ main:111435 ] - [ INFO ]  当前抓取的链接:http://www.veg.org.cn/zzbch/detailworm.asp?id=82
2016-08-22 16:09:20  [ main:111547 ] - [ INFO ]  抓取的图片地址:http://www.veg.org.cn/zzbch/UploadFiles/200812316292817062.jpg
2016-08-22 16:09:21  [ main:111695 ] - [ INFO ]  当前抓取的链接:http://www.veg.org.cn/zzbch/detailworm.asp?id=83
2016-08-22 16:09:21  [ main:111813 ] - [ INFO ]  当前抓取的链接:http://www.veg.org.cn/zzbch/detailworm.asp?id=84
2016-08-22 16:09:21  [ main:111933 ] - [ INFO ]  当前抓取的链接:http://www.veg.org.cn/zzbch/detailworm.asp?id=85
2016-08-22 16:09:21  [ main:112053 ] - [ INFO ]  当前抓取的链接:http://www.veg.org.cn/zzbch/detailworm.asp?id=86
2016-08-22 16:09:21  [ main:112189 ] - [ INFO ]  当前抓取的链接:http://www.veg.org.cn/zzbch/detailworm.asp?id=87
2016-08-22 16:09:24  [ main:114729 ] - [ INFO ]  当前抓取的链接:http://www.veg.org.cn/zzbch/detailworm.asp?id=88
2016-08-22 16:09:24  [ main:114846 ] - [ INFO ]  当前抓取的链接:http://www.veg.org.cn/zzbch/detailworm.asp?id=89
2016-08-22 16:09:33  [ main:124026 ] - [ INFO ]  当前抓取的链接:http://www.veg.org.cn/zzbch/detailworm.asp?id=90
2016-08-22 16:09:33  [ main:124142 ] - [ INFO ]  当前抓取的链接:http://www.veg.org.cn/zzbch/detailworm.asp?id=91
2016-08-22 16:09:33  [ main:124261 ] - [ INFO ]  当前抓取的链接:http://www.veg.org.cn/zzbch/detailworm.asp?id=92
2016-08-22 16:09:36  [ main:127441 ] - [ INFO ]  当前抓取的链接:http://www.veg.org.cn/zzbch/detailworm.asp?id=93
2016-08-22 16:09:37  [ main:128559 ] - [ INFO ]  当前抓取的链接:http://www.veg.org.cn/zzbch/detailworm.asp?id=94
2016-08-22 16:09:38  [ main:128907 ] - [ INFO ]  当前抓取的链接:http://www.veg.org.cn/zzbch/detailworm.asp?id=95
2016-08-22 16:09:39  [ main:130126 ] - [ INFO ]  当前抓取的链接:http://www.veg.org.cn/zzbch/detailworm.asp?id=96
2016-08-22 16:09:39  [ main:130246 ] - [ INFO ]  当前抓取的链接:http://www.veg.org.cn/zzbch/detailworm.asp?id=97
2016-08-22 16:09:39  [ main:130361 ] - [ INFO ]  当前抓取的链接:http://www.veg.org.cn/zzbch/detailworm.asp?id=98
2016-08-22 16:09:39  [ main:130480 ] - [ INFO ]  当前抓取的链接:http://www.veg.org.cn/zzbch/detailworm.asp?id=99
2016-08-22 16:09:40  [ main:130830 ] - [ INFO ]  当前抓取的链接:http://www.veg.org.cn/zzbch/detailworm.asp?id=100
2016-08-22 16:09:40  [ main:130949 ] - [ INFO ]  当前抓取的链接:http://www.veg.org.cn/zzbch/detailworm.asp?id=101
2016-08-22 16:09:41  [ main:132079 ] - [ INFO ]  抓取的图片地址:http://www.veg.org.cn/zzbch/UploadFiles/200812316332365300.jpg
2016-08-22 16:09:41  [ main:132157 ] - [ INFO ]  当前抓取的链接:http://www.veg.org.cn/zzbch/detailworm.asp?id=102
2016-08-22 16:09:41  [ main:132282 ] - [ INFO ]  抓取的图片地址:http://www.veg.org.cn/zzbch/UploadFiles/200812316325042306.jpg
2016-08-22 16:09:41  [ main:132399 ] - [ INFO ]  当前抓取的链接:http://www.veg.org.cn/zzbch/detailworm.asp?id=103
2016-08-22 16:09:42  [ main:133532 ] - [ INFO ]  抓取的图片地址:http://www.veg.org.cn/zzbch/UploadFiles/200812316321112637.jpg
2016-08-22 16:09:43  [ main:134352 ] - [ INFO ]  当前抓取的链接:http://www.veg.org.cn/zzbch/detailworm.asp?id=104
2016-08-22 16:09:47  [ main:137813 ] - [ INFO ]  抓取的图片地址:http://www.veg.org.cn/zzbch/UploadFiles/200812316483395720.jpg
2016-08-22 16:09:47  [ main:137904 ] - [ INFO ]  当前抓取的链接:http://www.veg.org.cn/zzbch/detailworm.asp?id=105
2016-08-22 16:09:50  [ main:141048 ] - [ INFO ]  抓取的图片地址:http://www.veg.org.cn/zzbch/UploadFiles/200812316305686483.jpg
2016-08-22 16:09:50  [ main:141625 ] - [ INFO ]  当前抓取的链接:http://www.veg.org.cn/zzbch/detailworm.asp?id=106
2016-08-22 16:09:51  [ main:141744 ] - [ INFO ]  抓取的图片地址:http://www.veg.org.cn/zzbch/UploadFiles/200812316313530605.jpg
2016-08-22 16:09:51  [ main:141835 ] - [ INFO ]  当前抓取的链接:http://www.veg.org.cn/zzbch/detailworm.asp?id=107
2016-08-22 16:09:51  [ main:141948 ] - [ INFO ]  抓取的图片地址:http://www.veg.org.cn/zzbch/UploadFiles/200812316493980938.jpg
2016-08-22 16:09:51  [ main:142036 ] - [ INFO ]  当前抓取的链接:http://www.veg.org.cn/zzbch/detailworm.asp?id=108
2016-08-22 16:09:51  [ main:142150 ] - [ INFO ]  抓取的图片地址:http://www.veg.org.cn/zzbch/UploadFiles/200812316532662030.jpg
2016-08-22 16:09:51  [ main:142244 ] - [ INFO ]  当前抓取的链接:http://www.veg.org.cn/zzbch/detailworm.asp?id=109
2016-08-22 16:09:51  [ main:142375 ] - [ INFO ]  抓取的图片地址:http://www.veg.org.cn/zzbch/UploadFiles/20081231630829887.jpg
2016-08-22 16:09:53  [ main:143690 ] - [ INFO ]  当前抓取的链接:http://www.veg.org.cn/zzbch/detailworm.asp?id=110
2016-08-22 16:09:56  [ main:146681 ] - [ INFO ]  抓取的图片地址:http://www.veg.org.cn/zzbch/UploadFiles/200812316511646577.jpg
2016-08-22 16:09:56  [ main:146787 ] - [ INFO ]  当前抓取的链接:http://www.veg.org.cn/zzbch/detailworm.asp?id=111
2016-08-22 16:09:56  [ main:147143 ] - [ INFO ]  当前抓取的链接:http://www.veg.org.cn/zzbch/detailworm.asp?id=112
2016-08-22 16:09:59  [ main:150266 ] - [ INFO ]  抓取的图片地址:http://www.veg.org.cn/zzbch/UploadFiles/20081231649758075.jpg
2016-08-22 16:10:02  [ main:153277 ] - [ INFO ]  当前抓取的链接:http://www.veg.org.cn/zzbch/detailworm.asp?id=113
2016-08-22 16:10:02  [ main:153626 ] - [ INFO ]  抓取的图片地址:http://www.veg.org.cn/zzbch/UploadFiles/20081231621931608.jpg
2016-08-22 16:10:03  [ main:153731 ] - [ INFO ]  当前抓取的链接:http://www.veg.org.cn/zzbch/detailworm.asp?id=114
2016-08-22 16:10:03  [ main:153838 ] - [ INFO ]  抓取的图片地址:http://www.veg.org.cn/zzbch/UploadFiles/200812316442956646.jpg
2016-08-22 16:10:03  [ main:154374 ] - [ INFO ]  当前抓取的链接:http://www.veg.org.cn/zzbch/detailworm.asp?id=115
2016-08-22 16:10:03  [ main:154495 ] - [ INFO ]  抓取的图片地址:http://www.veg.org.cn/zzbch/UploadFiles/200812316523277889.jpg
2016-08-22 16:10:03  [ main:154584 ] - [ INFO ]  当前抓取的链接:http://www.veg.org.cn/zzbch/detailworm.asp?id=116
2016-08-22 16:10:04  [ main:154704 ] - [ INFO ]  抓取的图片地址:http://www.veg.org.cn/zzbch/UploadFiles/20081231602438275.jpg
2016-08-22 16:10:04  [ main:154793 ] - [ INFO ]  当前抓取的链接:http://www.veg.org.cn/zzbch/detailworm.asp?id=117
2016-08-22 16:10:05  [ main:156142 ] - [ INFO ]  当前抓取的链接:http://www.veg.org.cn/zzbch/detailworm.asp?id=118
2016-08-22 16:10:05  [ main:156267 ] - [ INFO ]  当前抓取的链接:http://www.veg.org.cn/zzbch/detailworm.asp?id=119
2016-08-22 16:10:40  [ main:0 ] - [ INFO ]  当前抓取的链接:http://www.veg.org.cn/zzbch/detailworm.asp?id=1
2016-08-22 16:10:41  [ main:1434 ] - [ INFO ]  抓取的图片地址:http://www.veg.org.cn/zzbch/UploadFiles/20082141023426167.jpg
2016-08-22 16:10:41  [ main:1815 ] - [ INFO ]  当前抓取的链接:http://www.veg.org.cn/zzbch/detailworm.asp?id=2
2016-08-22 16:10:41  [ main:1942 ] - [ INFO ]  抓取的图片地址:http://www.veg.org.cn/zzbch/UploadFiles/200821410281860550.jpg
2016-08-22 16:10:42  [ main:2283 ] - [ INFO ]  当前抓取的链接:http://www.veg.org.cn/zzbch/detailworm.asp?id=3
2016-08-22 16:10:43  [ main:3401 ] - [ INFO ]  抓取的图片地址:http://www.veg.org.cn/zzbch/UploadFiles/200821410234765135.jpg
2016-08-22 16:10:43  [ main:3550 ] - [ INFO ]  当前抓取的链接:http://www.veg.org.cn/zzbch/detailworm.asp?id=4
2016-08-22 16:10:53  [ main:13695 ] - [ INFO ]  抓取的图片地址:http://www.veg.org.cn/zzbch/UploadFiles/200821410254269008.jpg
2016-08-22 16:10:53  [ main:13917 ] - [ INFO ]  当前抓取的链接:http://www.veg.org.cn/zzbch/detailworm.asp?id=5
2016-08-22 16:10:55  [ main:15039 ] - [ INFO ]  抓取的图片地址:http://www.veg.org.cn/zzbch/UploadFiles/200821410481079924.jpg
2016-08-22 16:10:55  [ main:15199 ] - [ INFO ]  当前抓取的链接:http://www.veg.org.cn/zzbch/detailworm.asp?id=6
2016-08-22 16:10:55  [ main:15326 ] - [ INFO ]  抓取的图片地址:http://www.veg.org.cn/zzbch/UploadFiles/200821410374418876.jpg
2016-08-22 16:10:58  [ main:18398 ] - [ INFO ]  当前抓取的链接:http://www.veg.org.cn/zzbch/detailworm.asp?id=7
2016-08-22 16:10:58  [ main:18733 ] - [ INFO ]  当前抓取的链接:http://www.veg.org.cn/zzbch/detailworm.asp?id=8
2016-08-22 16:10:58  [ main:18852 ] - [ INFO ]  抓取的图片地址:http://www.veg.org.cn/zzbch/UploadFiles/200821410223146358.jpg
2016-08-22 16:10:59  [ main:19062 ] - [ INFO ]  当前抓取的链接:http://www.veg.org.cn/zzbch/detailworm.asp?id=9
2016-08-22 16:11:00  [ main:20179 ] - [ INFO ]  抓取的图片地址:http://www.veg.org.cn/zzbch/UploadFiles/200821410295341978.jpg
2016-08-22 16:11:00  [ main:20327 ] - [ INFO ]  当前抓取的链接:http://www.veg.org.cn/zzbch/detailworm.asp?id=10
2016-08-22 16:11:00  [ main:20444 ] - [ INFO ]  抓取的图片地址:http://www.veg.org.cn/zzbch/UploadFiles/200821410292569520.jpg
2016-08-22 16:11:00  [ main:20554 ] - [ INFO ]  当前抓取的链接:http://www.veg.org.cn/zzbch/detailworm.asp?id=11
2016-08-22 16:11:01  [ main:21685 ] - [ INFO ]  抓取的图片地址:http://www.veg.org.cn/zzbch/UploadFiles/200821410261530572.jpg
2016-08-22 16:11:02  [ main:22971 ] - [ INFO ]  当前抓取的链接:http://www.veg.org.cn/zzbch/detailworm.asp?id=12
2016-08-22 16:11:03  [ main:23091 ] - [ INFO ]  抓取的图片地址:http://www.veg.org.cn/zzbch/UploadFiles/200821410462328931.jpg
2016-08-22 16:11:04  [ main:24165 ] - [ INFO ]  当前抓取的链接:http://www.veg.org.cn/zzbch/detailworm.asp?id=13
2016-08-22 16:11:04  [ main:24294 ] - [ INFO ]  当前抓取的链接:http://www.veg.org.cn/zzbch/detailworm.asp?id=14
2016-08-22 16:11:04  [ main:24421 ] - [ INFO ]  当前抓取的链接:http://www.veg.org.cn/zzbch/detailworm.asp?id=15
2016-08-22 16:11:04  [ main:24540 ] - [ INFO ]  当前抓取的链接:http://www.veg.org.cn/zzbch/detailworm.asp?id=16
2016-08-22 16:11:04  [ main:24649 ] - [ INFO ]  当前抓取的链接:http://www.veg.org.cn/zzbch/detailworm.asp?id=17
2016-08-22 16:11:04  [ main:24757 ] - [ INFO ]  当前抓取的链接:http://www.veg.org.cn/zzbch/detailworm.asp?id=18
2016-08-22 16:11:04  [ main:24873 ] - [ INFO ]  当前抓取的链接:http://www.veg.org.cn/zzbch/detailworm.asp?id=19
2016-08-22 16:11:23  [ main:43978 ] - [ ERROR ]  timeout
2016-08-22 16:11:24  [ main:44015 ] - [ ERROR ]  
2016-08-22 16:11:24  [ main:44047 ] - [ INFO ]  当前抓取的链接:http://www.veg.org.cn/zzbch/detailworm.asp?id=20
2016-08-22 16:11:27  [ main:47124 ] - [ INFO ]  当前抓取的链接:http://www.veg.org.cn/zzbch/detailworm.asp?id=21
2016-08-22 16:11:27  [ main:47247 ] - [ INFO ]  当前抓取的链接:http://www.veg.org.cn/zzbch/detailworm.asp?id=22
2016-08-22 16:11:27  [ main:47591 ] - [ INFO ]  当前抓取的链接:http://www.veg.org.cn/zzbch/detailworm.asp?id=23
2016-08-22 16:11:27  [ main:47716 ] - [ INFO ]  当前抓取的链接:http://www.veg.org.cn/zzbch/detailworm.asp?id=24
2016-08-22 16:11:27  [ main:47841 ] - [ INFO ]  当前抓取的链接:http://www.veg.org.cn/zzbch/detailworm.asp?id=25
2016-08-22 16:11:27  [ main:47967 ] - [ INFO ]  当前抓取的链接:http://www.veg.org.cn/zzbch/detailworm.asp?id=26
2016-08-22 16:11:28  [ main:48087 ] - [ INFO ]  当前抓取的链接:http://www.veg.org.cn/zzbch/detailworm.asp?id=27
2016-08-22 16:11:29  [ main:49216 ] - [ INFO ]  当前抓取的链接:http://www.veg.org.cn/zzbch/detailworm.asp?id=28
2016-08-22 16:11:29  [ main:49343 ] - [ INFO ]  当前抓取的链接:http://www.veg.org.cn/zzbch/detailworm.asp?id=29
2016-08-22 16:11:29  [ main:49463 ] - [ INFO ]  当前抓取的链接:http://www.veg.org.cn/zzbch/detailworm.asp?id=30
2016-08-22 16:11:38  [ main:58514 ] - [ INFO ]  抓取的图片地址:http://www.veg.org.cn/zzbch/UploadFiles/200812811203479718.jpg
2016-08-22 16:11:38  [ main:58597 ] - [ INFO ]  当前抓取的链接:http://www.veg.org.cn/zzbch/detailworm.asp?id=31
2016-08-22 16:11:39  [ main:59711 ] - [ INFO ]  抓取的图片地址:http://www.veg.org.cn/zzbch/UploadFiles/2008128110048214.jpg
2016-08-22 16:11:39  [ main:59779 ] - [ INFO ]  当前抓取的链接:http://www.veg.org.cn/zzbch/detailworm.asp?id=32
2016-08-22 16:11:39  [ main:59898 ] - [ INFO ]  抓取的图片地址:http://www.veg.org.cn/zzbch/UploadFiles/200812810422493444.jpg
2016-08-22 16:11:39  [ main:59980 ] - [ INFO ]  当前抓取的链接:http://www.veg.org.cn/zzbch/detailworm.asp?id=33
2016-08-22 16:11:40  [ main:60101 ] - [ INFO ]  抓取的图片地址:http://www.veg.org.cn/zzbch/UploadFiles/200812316193217412.jpg
2016-08-22 16:11:40  [ main:60648 ] - [ INFO ]  当前抓取的链接:http://www.veg.org.cn/zzbch/detailworm.asp?id=34
2016-08-22 16:11:43  [ main:63743 ] - [ INFO ]  抓取的图片地址:http://www.veg.org.cn/zzbch/UploadFiles/200812316352113266.jpg
2016-08-22 16:11:43  [ main:63984 ] - [ INFO ]  当前抓取的链接:http://www.veg.org.cn/zzbch/detailworm.asp?id=35
2016-08-22 16:11:45  [ main:65101 ] - [ INFO ]  抓取的图片地址:http://www.veg.org.cn/zzbch/UploadFiles/200821410212673412.jpg
2016-08-22 16:11:46  [ main:66252 ] - [ INFO ]  当前抓取的链接:http://www.veg.org.cn/zzbch/detailworm.asp?id=36
2016-08-22 16:11:46  [ main:66372 ] - [ INFO ]  抓取的图片地址:http://www.veg.org.cn/zzbch/UploadFiles/200821410443758122.jpg
2016-08-22 16:11:46  [ main:66449 ] - [ INFO ]  当前抓取的链接:http://www.veg.org.cn/zzbch/detailworm.asp?id=37
2016-08-22 16:11:49  [ main:69755 ] - [ INFO ]  抓取的图片地址:http://www.veg.org.cn/zzbch/UploadFiles/200821410432823140.jpg
2016-08-22 16:11:50  [ main:70779 ] - [ INFO ]  当前抓取的链接:http://www.veg.org.cn/zzbch/detailworm.asp?id=38
2016-08-22 16:11:50  [ main:70898 ] - [ INFO ]  抓取的图片地址:http://www.veg.org.cn/zzbch/UploadFiles/200821410364468293.jpg
2016-08-22 16:11:50  [ main:70972 ] - [ INFO ]  当前抓取的链接:http://www.veg.org.cn/zzbch/detailworm.asp?id=39
2016-08-22 16:11:54  [ main:74130 ] - [ INFO ]  抓取的图片地址:http://www.veg.org.cn/zzbch/UploadFiles/20082141031494377.jpg
2016-08-22 16:11:57  [ main:77257 ] - [ INFO ]  当前抓取的链接:http://www.veg.org.cn/zzbch/detailworm.asp?id=40
2016-08-22 16:11:57  [ main:77374 ] - [ INFO ]  当前抓取的链接:http://www.veg.org.cn/zzbch/detailworm.asp?id=41
2016-08-22 16:11:57  [ main:77497 ] - [ INFO ]  抓取的图片地址:http://www.veg.org.cn/zzbch/UploadFiles/200821410285172723.jpg
2016-08-22 16:11:57  [ main:77659 ] - [ INFO ]  当前抓取的链接:http://www.veg.org.cn/zzbch/detailworm.asp?id=42
2016-08-22 16:11:58  [ main:78778 ] - [ INFO ]  抓取的图片地址:http://www.veg.org.cn/zzbch/UploadFiles/20082141036639415.jpg
2016-08-22 16:11:58  [ main:78844 ] - [ INFO ]  当前抓取的链接:http://www.veg.org.cn/zzbch/detailworm.asp?id=43
2016-08-22 16:11:58  [ main:78975 ] - [ INFO ]  当前抓取的链接:http://www.veg.org.cn/zzbch/detailworm.asp?id=44
2016-08-22 16:11:59  [ main:79306 ] - [ INFO ]  当前抓取的链接:http://www.veg.org.cn/zzbch/detailworm.asp?id=45
2016-08-22 16:11:59  [ main:79413 ] - [ INFO ]  抓取的图片地址:http://www.veg.org.cn/zzbch/UploadFiles/200812316363736497.jpg
2016-08-22 16:11:59  [ main:79546 ] - [ INFO ]  当前抓取的链接:http://www.veg.org.cn/zzbch/detailworm.asp?id=46
2016-08-22 16:11:59  [ main:79887 ] - [ INFO ]  抓取的图片地址:http://www.veg.org.cn/zzbch/UploadFiles/200812316372160304.jpg
2016-08-22 16:12:04  [ main:84854 ] - [ INFO ]  当前抓取的链接:http://www.veg.org.cn/zzbch/detailworm.asp?id=47
2016-08-22 16:12:04  [ main:84981 ] - [ INFO ]  当前抓取的链接:http://www.veg.org.cn/zzbch/detailworm.asp?id=48
2016-08-22 16:12:05  [ main:85105 ] - [ INFO ]  抓取的图片地址:http://www.veg.org.cn/zzbch/UploadFiles/200821410391861388.jpg
2016-08-22 16:12:05  [ main:85306 ] - [ INFO ]  当前抓取的链接:http://www.veg.org.cn/zzbch/detailworm.asp?id=49
2016-08-22 16:12:05  [ main:85412 ] - [ INFO ]  抓取的图片地址:http://www.veg.org.cn/zzbch/UploadFiles/200821410322512920.jpg
2016-08-22 16:12:05  [ main:85684 ] - [ INFO ]  当前抓取的链接:http://www.veg.org.cn/zzbch/detailworm.asp?id=50
2016-08-22 16:12:05  [ main:85811 ] - [ INFO ]  抓取的图片地址:http://www.veg.org.cn/zzbch/UploadFiles/200821410315486721.jpg
2016-08-22 16:12:06  [ main:86082 ] - [ INFO ]  当前抓取的链接:http://www.veg.org.cn/zzbch/detailworm.asp?id=51
2016-08-22 16:12:06  [ main:86199 ] - [ INFO ]  抓取的图片地址:http://www.veg.org.cn/zzbch/UploadFiles/200821410394960234.jpg
2016-08-22 16:12:06  [ main:86374 ] - [ INFO ]  当前抓取的链接:http://www.veg.org.cn/zzbch/detailworm.asp?id=52
2016-08-22 16:12:06  [ main:86498 ] - [ INFO ]  抓取的图片地址:http://www.veg.org.cn/zzbch/UploadFiles/200821410401836664.jpg
2016-08-22 16:12:06  [ main:86681 ] - [ INFO ]  当前抓取的链接:http://www.veg.org.cn/zzbch/detailworm.asp?id=53
2016-08-22 16:12:06  [ main:86818 ] - [ INFO ]  抓取的图片地址:http://www.veg.org.cn/zzbch/UploadFiles/200821410385082350.jpg
2016-08-22 16:12:07  [ main:87007 ] - [ INFO ]  当前抓取的链接:http://www.veg.org.cn/zzbch/detailworm.asp?id=54
2016-08-22 16:12:07  [ main:87115 ] - [ INFO ]  抓取的图片地址:http://www.veg.org.cn/zzbch/UploadFiles/200821410251062707.jpg
2016-08-22 16:12:16  [ main:96327 ] - [ INFO ]  当前抓取的链接:http://www.veg.org.cn/zzbch/detailworm.asp?id=55
2016-08-22 16:12:16  [ main:96452 ] - [ INFO ]  抓取的图片地址:http://www.veg.org.cn/zzbch/UploadFiles/200821410325415183.jpg
2016-08-22 16:12:19  [ main:99504 ] - [ INFO ]  当前抓取的链接:http://www.veg.org.cn/zzbch/detailworm.asp?id=56
2016-08-22 16:12:19  [ main:99622 ] - [ INFO ]  抓取的图片地址:http://www.veg.org.cn/zzbch/UploadFiles/200821410405227721.jpg
2016-08-22 16:12:22  [ main:102821 ] - [ INFO ]  当前抓取的链接:http://www.veg.org.cn/zzbch/detailworm.asp?id=57
2016-08-22 16:12:23  [ main:103154 ] - [ INFO ]  抓取的图片地址:http://www.veg.org.cn/zzbch/UploadFiles/200821410382360207.jpg
2016-08-22 16:12:26  [ main:106102 ] - [ INFO ]  当前抓取的链接:http://www.veg.org.cn/zzbch/detailworm.asp?id=58
2016-08-22 16:12:29  [ main:109246 ] - [ INFO ]  抓取的图片地址:http://www.veg.org.cn/zzbch/UploadFiles/200821410302778035.jpg
2016-08-22 16:12:29  [ main:109445 ] - [ INFO ]  当前抓取的链接:http://www.veg.org.cn/zzbch/detailworm.asp?id=59
2016-08-22 16:12:29  [ main:109560 ] - [ INFO ]  抓取的图片地址:http://www.veg.org.cn/zzbch/UploadFiles/200821410332666352.jpg
2016-08-22 16:12:31  [ main:111040 ] - [ INFO ]  当前抓取的链接:http://www.veg.org.cn/zzbch/detailworm.asp?id=60
2016-08-22 16:12:31  [ main:111153 ] - [ INFO ]  抓取的图片地址:http://www.veg.org.cn/zzbch/UploadFiles/200812417272016204.jpg
2016-08-22 16:12:31  [ main:111422 ] - [ INFO ]  当前抓取的链接:http://www.veg.org.cn/zzbch/detailworm.asp?id=61
2016-08-22 16:12:31  [ main:111547 ] - [ INFO ]  当前抓取的链接:http://www.veg.org.cn/zzbch/detailworm.asp?id=62
2016-08-22 16:12:31  [ main:111668 ] - [ INFO ]  抓取的图片地址:http://www.veg.org.cn/zzbch/UploadFiles/200812316284489390.jpg
2016-08-22 16:12:31  [ main:111759 ] - [ INFO ]  当前抓取的链接:http://www.veg.org.cn/zzbch/detailworm.asp?id=63
2016-08-22 16:12:31  [ main:111887 ] - [ INFO ]  抓取的图片地址:http://www.veg.org.cn/zzbch/UploadFiles/20081231628856437.jpg
2016-08-22 16:12:32  [ main:112259 ] - [ INFO ]  当前抓取的链接:http://www.veg.org.cn/zzbch/detailworm.asp?id=64
2016-08-22 16:12:32  [ main:112377 ] - [ INFO ]  抓取的图片地址:http://www.veg.org.cn/zzbch/UploadFiles/200812316272724577.jpg
2016-08-22 16:12:32  [ main:112515 ] - [ INFO ]  当前抓取的链接:http://www.veg.org.cn/zzbch/detailworm.asp?id=65
2016-08-22 16:12:35  [ main:115055 ] - [ INFO ]  当前抓取的链接:http://www.veg.org.cn/zzbch/detailworm.asp?id=66
2016-08-22 16:12:35  [ main:115163 ] - [ INFO ]  抓取的图片地址:http://www.veg.org.cn/zzbch/UploadFiles/200812316264249333.jpg
2016-08-22 16:12:35  [ main:115261 ] - [ INFO ]  当前抓取的链接:http://www.veg.org.cn/zzbch/detailworm.asp?id=67
2016-08-22 16:12:35  [ main:115387 ] - [ INFO ]  当前抓取的链接:http://www.veg.org.cn/zzbch/detailworm.asp?id=68
2016-08-22 16:12:35  [ main:115505 ] - [ INFO ]  抓取的图片地址:http://www.veg.org.cn/zzbch/UploadFiles/20081231612683277.jpg
2016-08-22 16:12:35  [ main:115596 ] - [ INFO ]  当前抓取的链接:http://www.veg.org.cn/zzbch/detailworm.asp?id=69
2016-08-22 16:12:35  [ main:115725 ] - [ INFO ]  抓取的图片地址:http://www.veg.org.cn/zzbch/UploadFiles/20081231654928302.jpg
2016-08-22 16:12:35  [ main:115799 ] - [ INFO ]  当前抓取的链接:http://www.veg.org.cn/zzbch/detailworm.asp?id=70
2016-08-22 16:12:38  [ main:118980 ] - [ INFO ]  当前抓取的链接:http://www.veg.org.cn/zzbch/detailworm.asp?id=71
2016-08-22 16:12:39  [ main:119106 ] - [ INFO ]  抓取的图片地址:http://www.veg.org.cn/zzbch/UploadFiles/200812316255049998.jpg
2016-08-22 16:12:39  [ main:119178 ] - [ INFO ]  当前抓取的链接:http://www.veg.org.cn/zzbch/detailworm.asp?id=72
2016-08-22 16:12:39  [ main:119296 ] - [ INFO ]  抓取的图片地址:http://www.veg.org.cn/zzbch/UploadFiles/200812316515269732.jpg
2016-08-22 16:12:39  [ main:119370 ] - [ INFO ]  当前抓取的链接:http://www.veg.org.cn/zzbch/detailworm.asp?id=73
2016-08-22 16:12:39  [ main:119497 ] - [ INFO ]  抓取的图片地址:http://www.veg.org.cn/zzbch/UploadFiles/20081231625394733.jpg
2016-08-22 16:12:39  [ main:119588 ] - [ INFO ]  当前抓取的链接:http://www.veg.org.cn/zzbch/detailworm.asp?id=74
2016-08-22 16:12:39  [ main:119715 ] - [ INFO ]  当前抓取的链接:http://www.veg.org.cn/zzbch/detailworm.asp?id=75
2016-08-22 16:12:39  [ main:119841 ] - [ INFO ]  当前抓取的链接:http://www.veg.org.cn/zzbch/detailworm.asp?id=76
2016-08-22 16:12:40  [ main:120966 ] - [ INFO ]  当前抓取的链接:http://www.veg.org.cn/zzbch/detailworm.asp?id=77
2016-08-22 16:12:41  [ main:121086 ] - [ INFO ]  当前抓取的链接:http://www.veg.org.cn/zzbch/detailworm.asp?id=78
2016-08-22 16:12:41  [ main:121195 ] - [ INFO ]  抓取的图片地址:http://www.veg.org.cn/zzbch/UploadFiles/20081231655892046.jpg
2016-08-22 16:12:41  [ main:121286 ] - [ INFO ]  当前抓取的链接:http://www.veg.org.cn/zzbch/detailworm.asp?id=79
2016-08-22 16:12:41  [ main:121621 ] - [ INFO ]  当前抓取的链接:http://www.veg.org.cn/zzbch/detailworm.asp?id=80
2016-08-22 16:12:41  [ main:121740 ] - [ INFO ]  抓取的图片地址:http://www.veg.org.cn/zzbch/UploadFiles/20081231624630953.jpg
2016-08-22 16:12:41  [ main:121830 ] - [ INFO ]  当前抓取的链接:http://www.veg.org.cn/zzbch/detailworm.asp?id=81
2016-08-22 16:12:42  [ main:122950 ] - [ INFO ]  抓取的图片地址:http://www.veg.org.cn/zzbch/UploadFiles/200812316225827064.jpg
2016-08-22 16:12:42  [ main:122986 ] - [ INFO ]  当前抓取的链接:http://www.veg.org.cn/zzbch/detailworm.asp?id=82
2016-08-22 16:12:43  [ main:123104 ] - [ INFO ]  抓取的图片地址:http://www.veg.org.cn/zzbch/UploadFiles/200812316292817062.jpg
2016-08-22 16:12:43  [ main:123279 ] - [ INFO ]  当前抓取的链接:http://www.veg.org.cn/zzbch/detailworm.asp?id=83
2016-08-22 16:12:46  [ main:126327 ] - [ INFO ]  当前抓取的链接:http://www.veg.org.cn/zzbch/detailworm.asp?id=84
2016-08-22 16:12:46  [ main:126444 ] - [ INFO ]  当前抓取的链接:http://www.veg.org.cn/zzbch/detailworm.asp?id=85
2016-08-22 16:12:46  [ main:126560 ] - [ INFO ]  当前抓取的链接:http://www.veg.org.cn/zzbch/detailworm.asp?id=86
2016-08-22 16:12:49  [ main:129604 ] - [ INFO ]  当前抓取的链接:http://www.veg.org.cn/zzbch/detailworm.asp?id=87
2016-08-22 16:12:50  [ main:130731 ] - [ INFO ]  当前抓取的链接:http://www.veg.org.cn/zzbch/detailworm.asp?id=88
2016-08-22 16:12:50  [ main:130851 ] - [ INFO ]  当前抓取的链接:http://www.veg.org.cn/zzbch/detailworm.asp?id=89
2016-08-22 16:12:50  [ main:130966 ] - [ INFO ]  当前抓取的链接:http://www.veg.org.cn/zzbch/detailworm.asp?id=90
2016-08-22 16:12:51  [ main:131097 ] - [ INFO ]  当前抓取的链接:http://www.veg.org.cn/zzbch/detailworm.asp?id=91
2016-08-22 16:12:51  [ main:131216 ] - [ INFO ]  当前抓取的链接:http://www.veg.org.cn/zzbch/detailworm.asp?id=92
2016-08-22 16:12:54  [ main:134303 ] - [ INFO ]  当前抓取的链接:http://www.veg.org.cn/zzbch/detailworm.asp?id=93
2016-08-22 16:12:57  [ main:137483 ] - [ INFO ]  当前抓取的链接:http://www.veg.org.cn/zzbch/detailworm.asp?id=94
2016-08-22 16:13:00  [ main:140632 ] - [ INFO ]  当前抓取的链接:http://www.veg.org.cn/zzbch/detailworm.asp?id=95
2016-08-22 16:13:00  [ main:140747 ] - [ INFO ]  当前抓取的链接:http://www.veg.org.cn/zzbch/detailworm.asp?id=96
2016-08-22 16:13:00  [ main:140873 ] - [ INFO ]  当前抓取的链接:http://www.veg.org.cn/zzbch/detailworm.asp?id=97
2016-08-22 16:13:00  [ main:140997 ] - [ INFO ]  当前抓取的链接:http://www.veg.org.cn/zzbch/detailworm.asp?id=98
2016-08-22 16:13:01  [ main:141122 ] - [ INFO ]  当前抓取的链接:http://www.veg.org.cn/zzbch/detailworm.asp?id=99
2016-08-22 16:13:01  [ main:141241 ] - [ INFO ]  当前抓取的链接:http://www.veg.org.cn/zzbch/detailworm.asp?id=100
2016-08-22 16:13:01  [ main:141357 ] - [ INFO ]  当前抓取的链接:http://www.veg.org.cn/zzbch/detailworm.asp?id=101
2016-08-22 16:13:01  [ main:141481 ] - [ INFO ]  抓取的图片地址:http://www.veg.org.cn/zzbch/UploadFiles/200812316332365300.jpg
2016-08-22 16:13:01  [ main:141548 ] - [ INFO ]  当前抓取的链接:http://www.veg.org.cn/zzbch/detailworm.asp?id=102
2016-08-22 16:13:01  [ main:141662 ] - [ INFO ]  抓取的图片地址:http://www.veg.org.cn/zzbch/UploadFiles/200812316325042306.jpg
2016-08-22 16:13:01  [ main:141982 ] - [ INFO ]  当前抓取的链接:http://www.veg.org.cn/zzbch/detailworm.asp?id=103
2016-08-22 16:13:05  [ main:145105 ] - [ INFO ]  抓取的图片地址:http://www.veg.org.cn/zzbch/UploadFiles/200812316321112637.jpg
2016-08-22 16:13:05  [ main:145782 ] - [ INFO ]  当前抓取的链接:http://www.veg.org.cn/zzbch/detailworm.asp?id=104
2016-08-22 16:13:05  [ main:145909 ] - [ INFO ]  抓取的图片地址:http://www.veg.org.cn/zzbch/UploadFiles/200812316483395720.jpg
2016-08-22 16:13:05  [ main:145997 ] - [ INFO ]  当前抓取的链接:http://www.veg.org.cn/zzbch/detailworm.asp?id=105
2016-08-22 16:13:07  [ main:147121 ] - [ INFO ]  抓取的图片地址:http://www.veg.org.cn/zzbch/UploadFiles/200812316305686483.jpg
2016-08-22 16:13:07  [ main:147845 ] - [ INFO ]  当前抓取的链接:http://www.veg.org.cn/zzbch/detailworm.asp?id=106
2016-08-22 16:13:07  [ main:147979 ] - [ INFO ]  抓取的图片地址:http://www.veg.org.cn/zzbch/UploadFiles/200812316313530605.jpg
2016-08-22 16:13:21  [ main:161179 ] - [ INFO ]  当前抓取的链接:http://www.veg.org.cn/zzbch/detailworm.asp?id=107
2016-08-22 16:13:30  [ main:170272 ] - [ INFO ]  抓取的图片地址:http://www.veg.org.cn/zzbch/UploadFiles/200812316493980938.jpg
2016-08-22 16:13:33  [ main:173379 ] - [ INFO ]  当前抓取的链接:http://www.veg.org.cn/zzbch/detailworm.asp?id=108
2016-08-22 16:13:33  [ main:173559 ] - [ INFO ]  抓取的图片地址:http://www.veg.org.cn/zzbch/UploadFiles/200812316532662030.jpg
2016-08-22 16:13:33  [ main:173651 ] - [ INFO ]  当前抓取的链接:http://www.veg.org.cn/zzbch/detailworm.asp?id=109
2016-08-22 16:13:33  [ main:173777 ] - [ INFO ]  抓取的图片地址:http://www.veg.org.cn/zzbch/UploadFiles/20081231630829887.jpg
2016-08-22 16:13:33  [ main:173865 ] - [ INFO ]  当前抓取的链接:http://www.veg.org.cn/zzbch/detailworm.asp?id=110
2016-08-22 16:13:33  [ main:173981 ] - [ INFO ]  抓取的图片地址:http://www.veg.org.cn/zzbch/UploadFiles/200812316511646577.jpg
2016-08-22 16:13:34  [ main:174302 ] - [ INFO ]  当前抓取的链接:http://www.veg.org.cn/zzbch/detailworm.asp?id=111
2016-08-22 16:13:37  [ main:177388 ] - [ INFO ]  当前抓取的链接:http://www.veg.org.cn/zzbch/detailworm.asp?id=112
2016-08-22 16:13:37  [ main:177513 ] - [ INFO ]  抓取的图片地址:http://www.veg.org.cn/zzbch/UploadFiles/20081231649758075.jpg
2016-08-22 16:13:37  [ main:177605 ] - [ INFO ]  当前抓取的链接:http://www.veg.org.cn/zzbch/detailworm.asp?id=113
2016-08-22 16:13:37  [ main:177731 ] - [ INFO ]  抓取的图片地址:http://www.veg.org.cn/zzbch/UploadFiles/20081231621931608.jpg
2016-08-22 16:13:37  [ main:177829 ] - [ INFO ]  当前抓取的链接:http://www.veg.org.cn/zzbch/detailworm.asp?id=114
2016-08-22 16:13:37  [ main:177943 ] - [ INFO ]  抓取的图片地址:http://www.veg.org.cn/zzbch/UploadFiles/200812316442956646.jpg
2016-08-22 16:13:46  [ main:186947 ] - [ INFO ]  当前抓取的链接:http://www.veg.org.cn/zzbch/detailworm.asp?id=115
2016-08-22 16:13:47  [ main:187653 ] - [ INFO ]  抓取的图片地址:http://www.veg.org.cn/zzbch/UploadFiles/200812316523277889.jpg
2016-08-22 16:13:47  [ main:187734 ] - [ INFO ]  当前抓取的链接:http://www.veg.org.cn/zzbch/detailworm.asp?id=116
2016-08-22 16:13:47  [ main:187856 ] - [ INFO ]  抓取的图片地址:http://www.veg.org.cn/zzbch/UploadFiles/20081231602438275.jpg
2016-08-22 16:13:58  [ main:198397 ] - [ INFO ]  当前抓取的链接:http://www.veg.org.cn/zzbch/detailworm.asp?id=117
2016-08-22 16:13:58  [ main:198513 ] - [ INFO ]  当前抓取的链接:http://www.veg.org.cn/zzbch/detailworm.asp?id=118
2016-08-22 16:14:07  [ main:207570 ] - [ INFO ]  当前抓取的链接:http://www.veg.org.cn/zzbch/detailworm.asp?id=119
2016-08-22 16:14:08  [ main:208376 ] - [ INFO ]  抓取的图片地址:http://www.veg.org.cn/zzbch/UploadFiles/200812316342654431.jpg
2016-08-22 16:14:08  [ main:208497 ] - [ INFO ]  当前抓取的链接:http://www.veg.org.cn/zzbch/detailworm.asp?id=120
2016-08-22 16:14:09  [ main:209622 ] - [ INFO ]  当前抓取的链接:http://www.veg.org.cn/zzbch/detailworm.asp?id=121
2016-08-22 16:14:09  [ main:209741 ] - [ INFO ]  抓取的图片地址:http://www.veg.org.cn/zzbch/UploadFiles/20081231631737948.jpg
2016-08-22 16:14:19  [ main:219786 ] - [ ERROR ]  couldn't save chunks
2016-08-22 16:14:19  [ main:219814 ] - [ INFO ]  当前抓取的链接:http://www.veg.org.cn/zzbch/detailworm.asp?id=122
2016-08-22 16:14:19  [ main:219929 ] - [ INFO ]  当前抓取的链接:http://www.veg.org.cn/zzbch/detailworm.asp?id=123
2016-08-22 16:14:24  [ main:224107 ] - [ INFO ]  当前抓取的链接:http://www.veg.org.cn/zzbch/detailworm.asp?id=124
2016-08-22 16:14:24  [ main:224231 ] - [ INFO ]  当前抓取的链接:http://www.veg.org.cn/zzbch/detailworm.asp?id=125
2016-08-22 16:14:27  [ main:227367 ] - [ INFO ]  当前抓取的链接:http://www.veg.org.cn/zzbch/detailworm.asp?id=126
2016-08-22 16:14:27  [ main:227479 ] - [ INFO ]  当前抓取的链接:http://www.veg.org.cn/zzbch/detailworm.asp?id=127
2016-08-22 16:14:27  [ main:227602 ] - [ INFO ]  当前抓取的链接:http://www.veg.org.cn/zzbch/detailworm.asp?id=128
2016-08-22 16:14:27  [ main:227950 ] - [ INFO ]  当前抓取的链接:http://www.veg.org.cn/zzbch/detailworm.asp?id=129
2016-08-22 16:14:28  [ main:228259 ] - [ ERROR ]  RequestFailedException{url='http://www.veg.org.cn/zzbch/detailworm.asp?id=129', params='', message='Response{protocol=http/1.1, code=500, message=Internal Server Error, url=http://www.veg.org.cn/zzbch/detailworm.asp?id=129}'}
2016-08-22 16:14:28  [ main:228292 ] - [ ERROR ]  
2016-08-22 16:14:28  [ main:228326 ] - [ INFO ]  当前抓取的链接:http://www.veg.org.cn/zzbch/detailworm.asp?id=130
2016-08-22 16:14:30  [ main:230964 ] - [ INFO ]  抓取的图片地址:http://www.veg.org.cn/zzbch/UploadFiles/200812316394585757.jpg
2016-08-22 16:14:32  [ main:232245 ] - [ INFO ]  当前抓取的链接:http://www.veg.org.cn/zzbch/detailworm.asp?id=131
2016-08-22 16:14:32  [ main:232376 ] - [ INFO ]  当前抓取的链接:http://www.veg.org.cn/zzbch/detailworm.asp?id=132
2016-08-22 16:14:32  [ main:232715 ] - [ INFO ]  当前抓取的链接:http://www.veg.org.cn/zzbch/detailworm.asp?id=133
2016-08-22 16:14:35  [ main:235903 ] - [ INFO ]  当前抓取的链接:http://www.veg.org.cn/zzbch/detailworm.asp?id=134
2016-08-22 16:14:36  [ main:236060 ] - [ INFO ]  当前抓取的链接:http://www.veg.org.cn/zzbch/detailworm.asp?id=135
2016-08-22 16:14:38  [ main:238506 ] - [ INFO ]  当前抓取的链接:http://www.veg.org.cn/zzbch/detailworm.asp?id=136
2016-08-22 16:14:39  [ main:239644 ] - [ INFO ]  当前抓取的链接:http://www.veg.org.cn/zzbch/detailworm.asp?id=137
2016-08-22 16:14:42  [ main:242678 ] - [ INFO ]  当前抓取的链接:http://www.veg.org.cn/zzbch/detailworm.asp?id=138
2016-08-22 16:14:42  [ main:242803 ] - [ INFO ]  当前抓取的链接:http://www.veg.org.cn/zzbch/detailworm.asp?id=139
2016-08-22 16:14:44  [ main:244139 ] - [ INFO ]  当前抓取的链接:http://www.veg.org.cn/zzbch/detailworm.asp?id=140
2016-08-22 16:14:45  [ main:245262 ] - [ INFO ]  当前抓取的链接:http://www.veg.org.cn/zzbch/detailworm.asp?id=141
2016-08-22 16:14:45  [ main:245388 ] - [ INFO ]  当前抓取的链接:http://www.veg.org.cn/zzbch/detailworm.asp?id=142
2016-08-22 16:14:45  [ main:245513 ] - [ INFO ]  当前抓取的链接:http://www.veg.org.cn/zzbch/detailworm.asp?id=143
2016-08-22 16:14:46  [ main:246637 ] - [ INFO ]  当前抓取的链接:http://www.veg.org.cn/zzbch/detailworm.asp?id=144
2016-08-22 16:14:49  [ main:249692 ] - [ INFO ]  抓取的图片地址:http://www.veg.org.cn/zzbch/UploadFiles/200812316461017909.jpg
2016-08-22 16:14:50  [ main:250760 ] - [ INFO ]  当前抓取的链接:http://www.veg.org.cn/zzbch/detailworm.asp?id=145
2016-08-22 16:14:51  [ main:251872 ] - [ INFO ]  当前抓取的链接:http://www.veg.org.cn/zzbch/detailworm.asp?id=146
2016-08-22 16:14:51  [ main:251996 ] - [ INFO ]  当前抓取的链接:http://www.veg.org.cn/zzbch/detailworm.asp?id=147
2016-08-22 16:14:52  [ main:252117 ] - [ INFO ]  当前抓取的链接:http://www.veg.org.cn/zzbch/detailworm.asp?id=148
2016-08-22 16:14:52  [ main:252451 ] - [ INFO ]  当前抓取的链接:http://www.veg.org.cn/zzbch/detailworm.asp?id=149
2016-08-22 16:14:52  [ main:252571 ] - [ INFO ]  当前抓取的链接:http://www.veg.org.cn/zzbch/detailworm.asp?id=150
2016-08-22 16:14:55  [ main:255607 ] - [ INFO ]  抓取的图片地址:http://www.veg.org.cn/zzbch/UploadFiles/200812316382247243.jpg
2016-08-22 16:14:56  [ main:256268 ] - [ INFO ]  当前抓取的链接:http://www.veg.org.cn/zzbch/detailworm.asp?id=151
2016-08-22 16:14:56  [ main:256381 ] - [ INFO ]  当前抓取的链接:http://www.veg.org.cn/zzbch/detailworm.asp?id=152
2016-08-22 16:14:56  [ main:256716 ] - [ INFO ]  当前抓取的链接:http://www.veg.org.cn/zzbch/detailworm.asp?id=153
2016-08-22 16:14:56  [ main:256840 ] - [ INFO ]  抓取的图片地址:http://www.veg.org.cn/zzbch/UploadFiles/200812316402684147.jpg
2016-08-22 16:14:56  [ main:256922 ] - [ INFO ]  当前抓取的链接:http://www.veg.org.cn/zzbch/detailworm.asp?id=154
2016-08-22 16:14:57  [ main:257038 ] - [ INFO ]  当前抓取的链接:http://www.veg.org.cn/zzbch/detailworm.asp?id=155
2016-08-22 16:14:59  [ main:259509 ] - [ INFO ]  抓取的图片地址:http://www.veg.org.cn/zzbch/UploadFiles/200812316501214723.jpg
2016-08-22 16:14:59  [ main:259600 ] - [ INFO ]  当前抓取的链接:http://www.veg.org.cn/zzbch/detailworm.asp?id=156
2016-08-22 16:15:08  [ main:268605 ] - [ INFO ]  抓取的图片地址:http://www.veg.org.cn/zzbch/UploadFiles/200812811125588307.jpg
2016-08-22 16:15:08  [ main:268709 ] - [ INFO ]  当前抓取的链接:http://www.veg.org.cn/zzbch/detailworm.asp?id=157
2016-08-22 16:15:08  [ main:268820 ] - [ INFO ]  当前抓取的链接:http://www.veg.org.cn/zzbch/detailworm.asp?id=158
2016-08-22 16:15:08  [ main:268934 ] - [ INFO ]  当前抓取的链接:http://www.veg.org.cn/zzbch/detailworm.asp?id=159
2016-08-22 16:15:10  [ main:270264 ] - [ INFO ]  当前抓取的链接:http://www.veg.org.cn/zzbch/detailworm.asp?id=160
2016-08-22 16:15:10  [ main:270381 ] - [ INFO ]  抓取的图片地址:http://www.veg.org.cn/zzbch/UploadFiles/20081281122416509.jpg
2016-08-22 16:15:13  [ main:273397 ] - [ INFO ]  当前抓取的链接:http://www.veg.org.cn/zzbch/detailworm.asp?id=161
2016-08-22 16:15:13  [ main:273726 ] - [ INFO ]  当前抓取的链接:http://www.veg.org.cn/zzbch/detailworm.asp?id=162
2016-08-22 16:15:17  [ main:277808 ] - [ INFO ]  抓取的图片地址:http://www.veg.org.cn/zzbch/UploadFiles/200812810441233239.jpg
2016-08-22 16:15:17  [ main:277881 ] - [ INFO ]  当前抓取的链接:http://www.veg.org.cn/zzbch/detailworm.asp?id=163
2016-08-22 16:15:17  [ main:277997 ] - [ INFO ]  抓取的图片地址:http://www.veg.org.cn/zzbch/UploadFiles/200812811185773616.jpg
2016-08-22 16:15:18  [ main:278067 ] - [ INFO ]  当前抓取的链接:http://www.veg.org.cn/zzbch/detailworm.asp?id=164
2016-08-22 16:15:18  [ main:278184 ] - [ INFO ]  抓取的图片地址:http://www.veg.org.cn/zzbch/UploadFiles/200812811182831483.jpg
2016-08-22 16:15:18  [ main:278240 ] - [ INFO ]  当前抓取的链接:http://www.veg.org.cn/zzbch/detailworm.asp?id=165
2016-08-22 16:15:19  [ main:279568 ] - [ INFO ]  抓取的图片地址:http://www.veg.org.cn/zzbch/UploadFiles/20081281114645098.jpg
2016-08-22 16:15:19  [ main:279624 ] - [ INFO ]  当前抓取的链接:http://www.veg.org.cn/zzbch/detailworm.asp?id=166
2016-08-22 16:15:20  [ main:280746 ] - [ INFO ]  抓取的图片地址:http://www.veg.org.cn/zzbch/UploadFiles/20081281162445673.jpg
2016-08-22 16:15:21  [ main:281118 ] - [ INFO ]  当前抓取的链接:http://www.veg.org.cn/zzbch/detailworm.asp?id=167
2016-08-22 16:15:21  [ main:281256 ] - [ INFO ]  抓取的图片地址:http://www.veg.org.cn/zzbch/UploadFiles/200812811193017827.jpg
2016-08-22 16:15:21  [ main:281306 ] - [ INFO ]  当前抓取的链接:http://www.veg.org.cn/zzbch/detailworm.asp?id=168
2016-08-22 16:15:23  [ main:283787 ] - [ INFO ]  抓取的图片地址:http://www.veg.org.cn/zzbch/UploadFiles/2008128119850057.jpg
2016-08-22 16:15:23  [ main:283853 ] - [ INFO ]  当前抓取的链接:http://www.veg.org.cn/zzbch/detailworm.asp?id=169
2016-08-22 16:15:23  [ main:283975 ] - [ INFO ]  抓取的图片地址:http://www.veg.org.cn/zzbch/UploadFiles/200812810522482219.jpg
2016-08-22 16:15:27  [ main:287314 ] - [ INFO ]  当前抓取的链接:http://www.veg.org.cn/zzbch/detailworm.asp?id=170
2016-08-22 16:15:27  [ main:287434 ] - [ INFO ]  抓取的图片地址:http://www.veg.org.cn/zzbch/UploadFiles/200812810512626128.jpg
2016-08-22 16:15:27  [ main:287512 ] - [ INFO ]  当前抓取的链接:http://www.veg.org.cn/zzbch/detailworm.asp?id=171
2016-08-22 16:15:28  [ main:288631 ] - [ INFO ]  抓取的图片地址:http://www.veg.org.cn/zzbch/UploadFiles/200812810542694102.jpg
2016-08-22 16:15:34  [ main:294828 ] - [ INFO ]  当前抓取的链接:http://www.veg.org.cn/zzbch/detailworm.asp?id=172
2016-08-22 16:15:34  [ main:294950 ] - [ INFO ]  抓取的图片地址:http://www.veg.org.cn/zzbch/UploadFiles/200812810592259123.jpg
2016-08-22 16:15:36  [ main:296066 ] - [ INFO ]  当前抓取的链接:http://www.veg.org.cn/zzbch/detailworm.asp?id=173
2016-08-22 16:15:36  [ main:296185 ] - [ INFO ]  当前抓取的链接:http://www.veg.org.cn/zzbch/detailworm.asp?id=174
2016-08-22 16:15:36  [ main:296302 ] - [ INFO ]  抓取的图片地址:http://www.veg.org.cn/zzbch/UploadFiles/200812810572380178.jpg
2016-08-22 16:15:39  [ main:299414 ] - [ INFO ]  当前抓取的链接:http://www.veg.org.cn/zzbch/detailworm.asp?id=175
2016-08-22 16:15:39  [ main:299553 ] - [ INFO ]  抓取的图片地址:http://www.veg.org.cn/zzbch/UploadFiles/20081281151820041.jpg
2016-08-22 16:15:39  [ main:299619 ] - [ INFO ]  当前抓取的链接:http://www.veg.org.cn/zzbch/detailworm.asp?id=176
2016-08-22 16:15:39  [ main:299741 ] - [ INFO ]  抓取的图片地址:http://www.veg.org.cn/zzbch/UploadFiles/200812810515332896.jpg
2016-08-22 16:15:39  [ main:299802 ] - [ INFO ]  当前抓取的链接:http://www.veg.org.cn/zzbch/detailworm.asp?id=177
2016-08-22 16:15:39  [ main:299920 ] - [ INFO ]  抓取的图片地址:http://www.veg.org.cn/zzbch/UploadFiles/200812810552947586.jpg
2016-08-22 16:15:39  [ main:299975 ] - [ INFO ]  当前抓取的链接:http://www.veg.org.cn/zzbch/detailworm.asp?id=178
2016-08-22 16:15:40  [ main:300091 ] - [ INFO ]  抓取的图片地址:http://www.veg.org.cn/zzbch/UploadFiles/200812810463139860.jpg
2016-08-22 16:15:40  [ main:300181 ] - [ INFO ]  当前抓取的链接:http://www.veg.org.cn/zzbch/detailworm.asp?id=179
2016-08-22 16:15:40  [ main:300293 ] - [ INFO ]  当前抓取的链接:http://www.veg.org.cn/zzbch/detailworm.asp?id=180
2016-08-22 16:15:40  [ main:300418 ] - [ INFO ]  抓取的图片地址:http://www.veg.org.cn/zzbch/UploadFiles/200812810255411063.jpg
2016-08-22 16:15:41  [ main:301505 ] - [ INFO ]  当前抓取的链接:http://www.veg.org.cn/zzbch/detailworm.asp?id=181
2016-08-22 16:15:41  [ main:301615 ] - [ INFO ]  抓取的图片地址:http://www.veg.org.cn/zzbch/UploadFiles/20081281116513766.jpg
2016-08-22 16:15:41  [ main:301733 ] - [ INFO ]  当前抓取的链接:http://www.veg.org.cn/zzbch/detailworm.asp?id=182
2016-08-22 16:15:41  [ main:301856 ] - [ INFO ]  抓取的图片地址:http://www.veg.org.cn/zzbch/UploadFiles/200812810564931173.jpg
2016-08-22 16:15:41  [ main:301929 ] - [ INFO ]  当前抓取的链接:http://www.veg.org.cn/zzbch/detailworm.asp?id=183
2016-08-22 16:15:42  [ main:302043 ] - [ INFO ]  抓取的图片地址:http://www.veg.org.cn/zzbch/UploadFiles/200812810575467544.jpg
2016-08-22 16:15:45  [ main:305138 ] - [ INFO ]  当前抓取的链接:http://www.veg.org.cn/zzbch/detailworm.asp?id=184
2016-08-22 16:15:48  [ main:308193 ] - [ INFO ]  抓取的图片地址:http://www.veg.org.cn/zzbch/UploadFiles/20081281193656429.jpg
2016-08-22 16:15:48  [ main:308479 ] - [ INFO ]  当前抓取的链接:http://www.veg.org.cn/zzbch/detailworm.asp?id=185
2016-08-22 16:15:51  [ main:311477 ] - [ INFO ]  抓取的图片地址:http://www.veg.org.cn/zzbch/UploadFiles/20081281120397566.jpg
2016-08-22 16:15:51  [ main:311524 ] - [ INFO ]  当前抓取的链接:http://www.veg.org.cn/zzbch/detailworm.asp?id=186
2016-08-22 16:15:51  [ main:311856 ] - [ INFO ]  抓取的图片地址:http://www.veg.org.cn/zzbch/UploadFiles/20081281155066410.jpg
2016-08-22 16:15:51  [ main:311915 ] - [ INFO ]  当前抓取的链接:http://www.veg.org.cn/zzbch/detailworm.asp?id=187
2016-08-22 16:15:55  [ main:315084 ] - [ INFO ]  抓取的图片地址:http://www.veg.org.cn/zzbch/UploadFiles/20081281047412987.jpg
2016-08-22 16:15:55  [ main:315176 ] - [ INFO ]  当前抓取的链接:http://www.veg.org.cn/zzbch/detailworm.asp?id=188
2016-08-22 16:15:58  [ main:318256 ] - [ INFO ]  抓取的图片地址:http://www.veg.org.cn/zzbch/UploadFiles/200812811143683749.jpg
2016-08-22 16:15:58  [ main:318572 ] - [ INFO ]  当前抓取的链接:http://www.veg.org.cn/zzbch/detailworm.asp?id=189
2016-08-22 16:15:58  [ main:318699 ] - [ INFO ]  抓取的图片地址:http://www.veg.org.cn/zzbch/UploadFiles/200812810415063045.jpg
2016-08-22 16:15:58  [ main:318779 ] - [ INFO ]  当前抓取的链接:http://www.veg.org.cn/zzbch/detailworm.asp?id=190
2016-08-22 16:15:58  [ main:318903 ] - [ INFO ]  抓取的图片地址:http://www.veg.org.cn/zzbch/UploadFiles/200812810474393841.jpg
2016-08-22 16:15:58  [ main:318977 ] - [ INFO ]  当前抓取的链接:http://www.veg.org.cn/zzbch/detailworm.asp?id=191
2016-08-22 16:15:59  [ main:319107 ] - [ INFO ]  当前抓取的链接:http://www.veg.org.cn/zzbch/detailworm.asp?id=192
2016-08-22 16:16:00  [ main:320234 ] - [ INFO ]  抓取的图片地址:http://www.veg.org.cn/zzbch/UploadFiles/20081281114554010.jpg
2016-08-22 16:16:01  [ main:321350 ] - [ INFO ]  当前抓取的链接:http://www.veg.org.cn/zzbch/detailworm.asp?id=193
2016-08-22 16:16:01  [ main:321459 ] - [ INFO ]  抓取的图片地址:http://www.veg.org.cn/zzbch/UploadFiles/20081281111234629.jpg
2016-08-22 16:16:01  [ main:321519 ] - [ INFO ]  当前抓取的链接:http://www.veg.org.cn/zzbch/detailworm.asp?id=194
2016-08-22 16:16:01  [ main:321638 ] - [ INFO ]  当前抓取的链接:http://www.veg.org.cn/zzbch/detailworm.asp?id=195
2016-08-22 16:16:01  [ main:321763 ] - [ INFO ]  当前抓取的链接:http://www.veg.org.cn/zzbch/detailworm.asp?id=196
2016-08-22 16:16:01  [ main:321882 ] - [ INFO ]  抓取的图片地址:http://www.veg.org.cn/zzbch/UploadFiles/200812811152758854.jpg
2016-08-22 16:16:02  [ main:322111 ] - [ INFO ]  当前抓取的链接:http://www.veg.org.cn/zzbch/detailworm.asp?id=197
2016-08-22 16:16:02  [ main:322231 ] - [ INFO ]  抓取的图片地址:http://www.veg.org.cn/zzbch/UploadFiles/200812810525672239.jpg
2016-08-22 16:16:08  [ main:328866 ] - [ INFO ]  当前抓取的链接:http://www.veg.org.cn/zzbch/detailworm.asp?id=198
2016-08-22 16:16:08  [ main:328976 ] - [ INFO ]  抓取的图片地址:http://www.veg.org.cn/zzbch/UploadFiles/200812811133540643.jpg
2016-08-22 16:16:18  [ main:338041 ] - [ INFO ]  当前抓取的链接:http://www.veg.org.cn/zzbch/detailworm.asp?id=199
2016-08-22 16:16:18  [ main:338184 ] - [ INFO ]  抓取的图片地址:http://www.veg.org.cn/zzbch/UploadFiles/20081281165949134.jpg
2016-08-22 16:16:18  [ main:338248 ] - [ INFO ]  当前抓取的链接:http://www.veg.org.cn/zzbch/detailworm.asp?id=200
2016-08-22 16:16:19  [ main:339371 ] - [ INFO ]  抓取的图片地址:http://www.veg.org.cn/zzbch/UploadFiles/200812810535421290.jpg
2016-08-22 16:16:19  [ main:339452 ] - [ INFO ]  当前抓取的链接:http://www.veg.org.cn/zzbch/detailworm.asp?id=201
2016-08-22 16:16:22  [ main:342558 ] - [ INFO ]  抓取的图片地址:http://www.veg.org.cn/zzbch/UploadFiles/200812814523920609.jpg
2016-08-22 16:16:26  [ main:346551 ] - [ INFO ]  当前抓取的链接:http://www.veg.org.cn/zzbch/detailworm.asp?id=202
2016-08-22 16:16:27  [ main:347683 ] - [ INFO ]  抓取的图片地址:http://www.veg.org.cn/zzbch/UploadFiles/200812810491551403.jpg
2016-08-22 16:16:27  [ main:347773 ] - [ INFO ]  当前抓取的链接:http://www.veg.org.cn/zzbch/detailworm.asp?id=203
2016-08-22 16:16:27  [ main:347906 ] - [ INFO ]  抓取的图片地址:http://www.veg.org.cn/zzbch/UploadFiles/20081281112687137.jpg
2016-08-22 16:16:28  [ main:348023 ] - [ INFO ]  当前抓取的链接:http://www.veg.org.cn/zzbch/detailworm.asp?id=204
2016-08-22 16:16:28  [ main:348134 ] - [ INFO ]  抓取的图片地址:http://www.veg.org.cn/zzbch/UploadFiles/200812810433455102.jpg
2016-08-22 16:16:29  [ main:349233 ] - [ INFO ]  当前抓取的链接:http://www.veg.org.cn/zzbch/detailworm.asp?id=205
2016-08-22 16:16:29  [ main:349356 ] - [ INFO ]  当前抓取的链接:http://www.veg.org.cn/zzbch/detailworm.asp?id=206
2016-08-22 16:16:29  [ main:349483 ] - [ INFO ]  当前抓取的链接:http://www.veg.org.cn/zzbch/detailworm.asp?id=207
2016-08-22 16:16:29  [ main:349861 ] - [ INFO ]  抓取的图片地址:http://www.veg.org.cn/zzbch/UploadFiles/20081281184188372.jpg
2016-08-22 16:16:30  [ main:350182 ] - [ INFO ]  当前抓取的链接:http://www.veg.org.cn/zzbch/detailworm.asp?id=208
2016-08-22 16:16:30  [ main:350310 ] - [ INFO ]  抓取的图片地址:http://www.veg.org.cn/zzbch/UploadFiles/200812810403450768.jpg
2016-08-22 16:16:30  [ main:350430 ] - [ INFO ]  当前抓取的链接:http://www.veg.org.cn/zzbch/detailworm.asp?id=209
2016-08-22 16:16:30  [ main:350571 ] - [ INFO ]  抓取的图片地址:http://www.veg.org.cn/zzbch/UploadFiles/200812810584441594.jpg
2016-08-22 16:16:30  [ main:350740 ] - [ INFO ]  当前抓取的链接:http://www.veg.org.cn/zzbch/detailworm.asp?id=210
2016-08-22 16:16:30  [ main:350887 ] - [ INFO ]  当前抓取的链接:http://www.veg.org.cn/zzbch/detailworm.asp?id=211
2016-08-22 16:16:33  [ main:353912 ] - [ INFO ]  抓取的图片地址:http://www.veg.org.cn/zzbch/UploadFiles/20081281103354910.jpg
2016-08-22 16:16:33  [ main:353969 ] - [ INFO ]  当前抓取的链接:http://www.veg.org.cn/zzbch/detailworm.asp?id=212
2016-08-22 16:16:34  [ main:354093 ] - [ INFO ]  抓取的图片地址:http://www.veg.org.cn/zzbch/UploadFiles/200812316413191272.jpg
2016-08-22 16:16:35  [ main:355430 ] - [ INFO ]  当前抓取的链接:http://www.veg.org.cn/zzbch/detailworm.asp?id=213
2016-08-22 16:16:35  [ main:355559 ] - [ INFO ]  抓取的图片地址:http://www.veg.org.cn/zzbch/UploadFiles/200812316423129220.jpg
2016-08-22 16:16:35  [ main:355650 ] - [ INFO ]  当前抓取的链接:http://www.veg.org.cn/zzbch/detailworm.asp?id=214
2016-08-22 16:16:35  [ main:355756 ] - [ INFO ]  抓取的图片地址:http://www.veg.org.cn/zzbch/UploadFiles/200812810482278905.jpg
2016-08-22 16:16:35  [ main:355817 ] - [ INFO ]  当前抓取的链接:http://www.veg.org.cn/zzbch/detailworm.asp?id=215
2016-08-22 16:16:35  [ main:355928 ] - [ INFO ]  抓取的图片地址:http://www.veg.org.cn/zzbch/UploadFiles/200812911351130317.jpg
2016-08-22 17:02:30  [ main:0 ] - [ INFO ]  当前抓取的链接:http://www.veg.org.cn/zzbch/detailworm.asp?id=19
2016-08-22 17:03:56  [ main:0 ] - [ INFO ]  当前抓取的链接:http://www.veg.org.cn/zzbch/detailworm.asp?id=19
