2016-08-22 21:35:39  [ main:42747 ] - [ ERROR ]  
2016-08-22 21:35:41  [ main:44298 ] - [ ERROR ]  
2016-08-22 21:35:52  [ main:55604 ] - [ ERROR ]  RequestFailedException{url='http://bcch.ahnw.gov.cn/UploadFiles/zg-zsc-06/1.JPG', params='', message='Response{protocol=http/1.1, code=404, message=Not Found, url=http://bcch.ahnw.gov.cn/UploadFiles/zg-zsc-06/1.JPG}'}
2016-08-22 21:35:52  [ main:55701 ] - [ ERROR ]  RequestFailedException{url='http://bcch.ahnw.gov.cn/UploadFiles/zg-zsc-06/2.JPG', params='', message='Response{protocol=http/1.1, code=404, message=Not Found, url=http://bcch.ahnw.gov.cn/UploadFiles/zg-zsc-06/2.JPG}'}
2016-08-22 21:40:58  [ main:361564 ] - [ ERROR ]  RequestFailedException{url='http://bcch.ahnw.gov.cn/UploadFiles/hg-msc-10/1.JPG', params='', message='Response{protocol=http/1.1, code=404, message=Not Found, url=http://bcch.ahnw.gov.cn/UploadFiles/hg-msc-10/1.JPG}'}
2016-08-22 21:40:59  [ main:362665 ] - [ ERROR ]  RequestFailedException{url='http://bcch.ahnw.gov.cn/UploadFiles/hg-msc-10/2.JPG', params='', message='Response{protocol=http/1.1, code=404, message=Not Found, url=http://bcch.ahnw.gov.cn/UploadFiles/hg-msc-10/2.JPG}'}
2016-08-22 21:40:59  [ main:362986 ] - [ ERROR ]  RequestFailedException{url='http://bcch.ahnw.gov.cn/UploadFiles/hg-msc-10/3.JPG', params='', message='Response{protocol=http/1.1, code=404, message=Not Found, url=http://bcch.ahnw.gov.cn/UploadFiles/hg-msc-10/3.JPG}'}
2016-08-22 21:40:59  [ main:363072 ] - [ ERROR ]  RequestFailedException{url='http://bcch.ahnw.gov.cn/UploadFiles/hg-msc-10/4.JPG', params='', message='Response{protocol=http/1.1, code=404, message=Not Found, url=http://bcch.ahnw.gov.cn/UploadFiles/hg-msc-10/4.JPG}'}
2016-08-22 21:45:57  [ main:660827 ] - [ ERROR ]  RequestFailedException{url='http://bcch.ahnw.gov.cn/UploadFiles/gs-pgb-40/1.JPG', params='', message='Response{protocol=http/1.1, code=404, message=Not Found, url=http://bcch.ahnw.gov.cn/UploadFiles/gs-pgb-40/1.JPG}'}
2016-08-22 21:45:57  [ main:661147 ] - [ ERROR ]  RequestFailedException{url='http://bcch.ahnw.gov.cn/UploadFiles/gs-pgb-40/2.JPG', params='', message='Response{protocol=http/1.1, code=404, message=Not Found, url=http://bcch.ahnw.gov.cn/UploadFiles/gs-pgb-40/2.JPG}'}
2016-08-22 21:48:49  [ main:832571 ] - [ ERROR ]  RequestFailedException{url='http://bcch.ahnw.gov.cn/UploadFiles/jl-jtb-05/1.JPG', params='', message='Response{protocol=http/1.1, code=404, message=Not Found, url=http://bcch.ahnw.gov.cn/UploadFiles/jl-jtb-05/1.JPG}'}
2016-08-22 21:48:49  [ main:832934 ] - [ ERROR ]  RequestFailedException{url='http://bcch.ahnw.gov.cn/UploadFiles/jl-jtb-06/1.JPG', params='', message='Response{protocol=http/1.1, code=404, message=Not Found, url=http://bcch.ahnw.gov.cn/UploadFiles/jl-jtb-06/1.JPG}'}
2016-08-22 21:48:51  [ main:834231 ] - [ ERROR ]  RequestFailedException{url='http://bcch.ahnw.gov.cn/UploadFiles/jl-jtb-06/2.JPG', params='', message='Response{protocol=http/1.1, code=404, message=Not Found, url=http://bcch.ahnw.gov.cn/UploadFiles/jl-jtb-06/2.JPG}'}
2016-08-22 21:48:51  [ main:834308 ] - [ ERROR ]  RequestFailedException{url='http://bcch.ahnw.gov.cn/UploadFiles/jl-jtb-06/3.JPG', params='', message='Response{protocol=http/1.1, code=404, message=Not Found, url=http://bcch.ahnw.gov.cn/UploadFiles/jl-jtb-06/3.JPG}'}
2016-08-22 21:49:36  [ main:879588 ] - [ ERROR ]  RequestFailedException{url='http://bcch.ahnw.gov.cn/UploadFiles/jg-xgb-26/1.JPG', params='', message='Response{protocol=http/1.1, code=404, message=Not Found, url=http://bcch.ahnw.gov.cn/UploadFiles/jg-xgb-26/1.JPG}'}
2016-08-22 21:57:14  [ main:1337501 ] - [ ERROR ]  RequestFailedException{url='http://bcch.ahnw.gov.cn/UploadFiles/dj-gdc-04/2.JPG', params='', message='connect timed out'}
2016-08-22 21:59:16  [ main:1459649 ] - [ ERROR ]  RequestFailedException{url='http://bcch.ahnw.gov.cn/UploadFiles/gl-xhc-04/', params='', message='Response{protocol=http/1.1, code=403, message=Forbidden, url=http://bcch.ahnw.gov.cn/UploadFiles/gl-xhc-04/}'}
2016-08-22 21:59:47  [ main:1490376 ] - [ ERROR ]  RequestFailedException{url='http://bcch.ahnw.gov.cn/CropContent.aspx?id=1345', params='', message='connect timed out'}
2016-08-22 21:59:47  [ main:1490394 ] - [ ERROR ]  
2016-08-22 22:01:39  [ main:1603048 ] - [ ERROR ]  RequestFailedException{url='http://bcch.ahnw.gov.cn/UploadFiles/gl-sgc-14/1.JPG', params='', message='Response{protocol=http/1.1, code=404, message=Not Found, url=http://bcch.ahnw.gov.cn/UploadFiles/gl-sgc-14/1.JPG}'}
2016-08-22 22:03:20  [ main:1703400 ] - [ ERROR ]  
2016-08-22 22:07:05  [ main:1928911 ] - [ ERROR ]  RequestFailedException{url='http://bcch.ahnw.gov.cn/UploadFiles/gl-hhc-12/1.JPG', params='', message='Response{protocol=http/1.1, code=404, message=Not Found, url=http://bcch.ahnw.gov.cn/UploadFiles/gl-hhc-12/1.JPG}'}
2016-08-22 22:12:19  [ main:2243183 ] - [ ERROR ]  RequestFailedException{url='http://bcch.ahnw.gov.cn/CropContent.aspx?id=1845', params='', message='connect timed out'}
2016-08-22 22:12:19  [ main:2243201 ] - [ ERROR ]  
2016-08-22 22:14:42  [ main:2385764 ] - [ ERROR ]  RequestFailedException{url='http://bcch.ahnw.gov.cn/UploadFiles/ji-mhc-02/1.JPG', params='', message='Response{protocol=http/1.1, code=404, message=Not Found, url=http://bcch.ahnw.gov.cn/UploadFiles/ji-mhc-02/1.JPG}'}
2016-08-22 22:14:42  [ main:2386058 ] - [ ERROR ]  RequestFailedException{url='http://bcch.ahnw.gov.cn/UploadFiles/ji-mhc-02/2.JPG', params='', message='Response{protocol=http/1.1, code=404, message=Not Found, url=http://bcch.ahnw.gov.cn/UploadFiles/ji-mhc-02/2.JPG}'}
2016-08-22 22:14:43  [ main:2386359 ] - [ ERROR ]  RequestFailedException{url='http://bcch.ahnw.gov.cn/UploadFiles/ji-mhc-02/3.JPG', params='', message='Response{protocol=http/1.1, code=404, message=Not Found, url=http://bcch.ahnw.gov.cn/UploadFiles/ji-mhc-02/3.JPG}'}
2016-08-22 22:15:01  [ main:2405032 ] - [ ERROR ]  
2016-08-22 22:15:42  [ main:2445538 ] - [ ERROR ]  RequestFailedException{url='http://bcch.ahnw.gov.cn/UploadFiles/bc-qcc-28/', params='', message='Response{protocol=http/1.1, code=403, message=Forbidden, url=http://bcch.ahnw.gov.cn/UploadFiles/bc-qcc-28/}'}
2016-08-22 22:17:48  [ main:2572055 ] - [ ERROR ]  
2016-08-22 22:18:01  [ main:2584329 ] - [ ERROR ]  
2016-08-22 22:19:14  [ main:2657466 ] - [ ERROR ]  RequestFailedException{url='http://bcch.ahnw.gov.cn/UploadFiles/sy-sjb-09/1.JPG', params='', message='Response{protocol=http/1.1, code=404, message=Not Found, url=http://bcch.ahnw.gov.cn/UploadFiles/sy-sjb-09/1.JPG}'}
2016-08-22 22:19:14  [ main:2657554 ] - [ ERROR ]  RequestFailedException{url='http://bcch.ahnw.gov.cn/UploadFiles/sy-sjb-09/2.JPG', params='', message='Response{protocol=http/1.1, code=404, message=Not Found, url=http://bcch.ahnw.gov.cn/UploadFiles/sy-sjb-09/2.JPG}'}
2016-08-22 22:29:02  [ main:3245831 ] - [ ERROR ]  RequestFailedException{url='http://bcch.ahnw.gov.cn/UploadFiles/yc-ycc-28/1.JPG', params='', message='Response{protocol=http/1.1, code=404, message=Not Found, url=http://bcch.ahnw.gov.cn/UploadFiles/yc-ycc-28/1.JPG}'}
2016-08-22 22:29:02  [ main:3245891 ] - [ ERROR ]  RequestFailedException{url='http://bcch.ahnw.gov.cn/UploadFiles/yc-ycc-28/2.JPG', params='', message='Response{protocol=http/1.1, code=404, message=Not Found, url=http://bcch.ahnw.gov.cn/UploadFiles/yc-ycc-28/2.JPG}'}
2016-08-22 22:34:16  [ main:3559623 ] - [ ERROR ]  RequestFailedException{url='http://bcch.ahnw.gov.cn/UploadFiles/xw-mhc-56/1.JPG', params='', message='Response{protocol=http/1.1, code=404, message=Not Found, url=http://bcch.ahnw.gov.cn/UploadFiles/xw-mhc-56/1.JPG}'}
2016-08-22 22:34:16  [ main:3559698 ] - [ ERROR ]  RequestFailedException{url='http://bcch.ahnw.gov.cn/UploadFiles/xw-mhc-56/2.JPG', params='', message='Response{protocol=http/1.1, code=404, message=Not Found, url=http://bcch.ahnw.gov.cn/UploadFiles/xw-mhc-56/2.JPG}'}
2016-08-22 22:35:35  [ main:3638913 ] - [ ERROR ]  RequestFailedException{url='http://bcch.ahnw.gov.cn/UploadFiles/yl-ddb-21/1.JPG', params='', message='Response{protocol=http/1.1, code=404, message=Not Found, url=http://bcch.ahnw.gov.cn/UploadFiles/yl-ddb-21/1.JPG}'}
2016-08-22 22:35:35  [ main:3638991 ] - [ ERROR ]  RequestFailedException{url='http://bcch.ahnw.gov.cn/UploadFiles/yl-ddb-21/2.JPG', params='', message='Response{protocol=http/1.1, code=404, message=Not Found, url=http://bcch.ahnw.gov.cn/UploadFiles/yl-ddb-21/2.JPG}'}
2016-08-22 22:35:35  [ main:3639053 ] - [ ERROR ]  RequestFailedException{url='http://bcch.ahnw.gov.cn/UploadFiles/yl-ddb-21/3.JPG', params='', message='Response{protocol=http/1.1, code=404, message=Not Found, url=http://bcch.ahnw.gov.cn/UploadFiles/yl-ddb-21/3.JPG}'}
2016-08-22 22:35:38  [ main:3642132 ] - [ ERROR ]  RequestFailedException{url='http://bcch.ahnw.gov.cn/UploadFiles/yl-ddb-21/4.JPG', params='', message='Response{protocol=http/1.1, code=404, message=Not Found, url=http://bcch.ahnw.gov.cn/UploadFiles/yl-ddb-21/4.JPG}'}
2016-08-22 22:35:38  [ main:3642207 ] - [ ERROR ]  RequestFailedException{url='http://bcch.ahnw.gov.cn/UploadFiles/yl-ddb-21/5.JPG', params='', message='Response{protocol=http/1.1, code=404, message=Not Found, url=http://bcch.ahnw.gov.cn/UploadFiles/yl-ddb-21/5.JPG}'}
2016-08-22 22:35:39  [ main:3642275 ] - [ ERROR ]  RequestFailedException{url='http://bcch.ahnw.gov.cn/UploadFiles/yl-ddb-21/6.JPG', params='', message='Response{protocol=http/1.1, code=404, message=Not Found, url=http://bcch.ahnw.gov.cn/UploadFiles/yl-ddb-21/6.JPG}'}
2016-08-22 22:35:39  [ main:3642346 ] - [ ERROR ]  RequestFailedException{url='http://bcch.ahnw.gov.cn/UploadFiles/yl-ddb-21/7.JPG', params='', message='Response{protocol=http/1.1, code=404, message=Not Found, url=http://bcch.ahnw.gov.cn/UploadFiles/yl-ddb-21/7.JPG}'}
2016-08-22 22:35:39  [ main:3642411 ] - [ ERROR ]  RequestFailedException{url='http://bcch.ahnw.gov.cn/UploadFiles/yl-ddb-21/8.JPG', params='', message='Response{protocol=http/1.1, code=404, message=Not Found, url=http://bcch.ahnw.gov.cn/UploadFiles/yl-ddb-21/8.JPG}'}
2016-08-22 22:35:39  [ main:3642471 ] - [ ERROR ]  RequestFailedException{url='http://bcch.ahnw.gov.cn/UploadFiles/yl-ddb-21/9.JPG', params='', message='Response{protocol=http/1.1, code=404, message=Not Found, url=http://bcch.ahnw.gov.cn/UploadFiles/yl-ddb-21/9.JPG}'}
2016-08-22 22:36:00  [ main:3663402 ] - [ ERROR ]  RequestFailedException{url='http://bcch.ahnw.gov.cn/UploadFiles/yl-ddc-01/1.JPG', params='', message='Response{protocol=http/1.1, code=404, message=Not Found, url=http://bcch.ahnw.gov.cn/UploadFiles/yl-ddc-01/1.JPG}'}
2016-08-22 22:36:00  [ main:3663474 ] - [ ERROR ]  RequestFailedException{url='http://bcch.ahnw.gov.cn/UploadFiles/yl-ddc-01/2.JPG', params='', message='Response{protocol=http/1.1, code=404, message=Not Found, url=http://bcch.ahnw.gov.cn/UploadFiles/yl-ddc-01/2.JPG}'}
2016-08-22 22:36:00  [ main:3663540 ] - [ ERROR ]  RequestFailedException{url='http://bcch.ahnw.gov.cn/UploadFiles/yl-ddc-01/3.JPG', params='', message='Response{protocol=http/1.1, code=404, message=Not Found, url=http://bcch.ahnw.gov.cn/UploadFiles/yl-ddc-01/3.JPG}'}
2016-08-22 22:36:03  [ main:3666605 ] - [ ERROR ]  RequestFailedException{url='http://bcch.ahnw.gov.cn/UploadFiles/yl-ddc-01/4.JPG', params='', message='Response{protocol=http/1.1, code=404, message=Not Found, url=http://bcch.ahnw.gov.cn/UploadFiles/yl-ddc-01/4.JPG}'}
2016-08-22 22:36:06  [ main:3669681 ] - [ ERROR ]  RequestFailedException{url='http://bcch.ahnw.gov.cn/UploadFiles/yl-ddc-01/5.JPG', params='', message='Response{protocol=http/1.1, code=404, message=Not Found, url=http://bcch.ahnw.gov.cn/UploadFiles/yl-ddc-01/5.JPG}'}
2016-08-22 22:38:29  [ main:3812389 ] - [ ERROR ]  RequestFailedException{url='http://bcch.ahnw.gov.cn/UploadFiles/ls-lb-07/1.JPG', params='', message='Response{protocol=http/1.1, code=404, message=Not Found, url=http://bcch.ahnw.gov.cn/UploadFiles/ls-lb-07/1.JPG}'}
2016-08-22 22:38:30  [ main:3813686 ] - [ ERROR ]  RequestFailedException{url='http://bcch.ahnw.gov.cn/UploadFiles/ls-lb-07/2.JPG', params='', message='Response{protocol=http/1.1, code=404, message=Not Found, url=http://bcch.ahnw.gov.cn/UploadFiles/ls-lb-07/2.JPG}'}
2016-08-22 22:40:02  [ main:3905944 ] - [ ERROR ]  RequestFailedException{url='http://bcch.ahnw.gov.cn/UploadFiles/ls-xmc-12/1.JPG', params='', message='Response{protocol=http/1.1, code=404, message=Not Found, url=http://bcch.ahnw.gov.cn/UploadFiles/ls-xmc-12/1.JPG}'}
2016-08-22 22:40:03  [ main:3906250 ] - [ ERROR ]  RequestFailedException{url='http://bcch.ahnw.gov.cn/UploadFiles/ls-xmc-12/2.JPG', params='', message='Response{protocol=http/1.1, code=404, message=Not Found, url=http://bcch.ahnw.gov.cn/UploadFiles/ls-xmc-12/2.JPG}'}
2016-08-22 22:40:03  [ main:3906310 ] - [ ERROR ]  RequestFailedException{url='http://bcch.ahnw.gov.cn/UploadFiles/ls-xmc-12/3.JPG', params='', message='Response{protocol=http/1.1, code=404, message=Not Found, url=http://bcch.ahnw.gov.cn/UploadFiles/ls-xmc-12/3.JPG}'}
2016-08-22 22:40:03  [ main:3906370 ] - [ ERROR ]  RequestFailedException{url='http://bcch.ahnw.gov.cn/UploadFiles/ls-xmc-12/4.JPG', params='', message='Response{protocol=http/1.1, code=404, message=Not Found, url=http://bcch.ahnw.gov.cn/UploadFiles/ls-xmc-12/4.JPG}'}
2016-08-22 22:40:03  [ main:3906427 ] - [ ERROR ]  RequestFailedException{url='http://bcch.ahnw.gov.cn/UploadFiles/ls-xmc-12/5.JPG', params='', message='Response{protocol=http/1.1, code=404, message=Not Found, url=http://bcch.ahnw.gov.cn/UploadFiles/ls-xmc-12/5.JPG}'}
2016-08-22 22:40:03  [ main:3906485 ] - [ ERROR ]  RequestFailedException{url='http://bcch.ahnw.gov.cn/UploadFiles/ls-xmc-12/6.JPG', params='', message='Response{protocol=http/1.1, code=404, message=Not Found, url=http://bcch.ahnw.gov.cn/UploadFiles/ls-xmc-12/6.JPG}'}
2016-08-22 22:40:03  [ main:3906543 ] - [ ERROR ]  RequestFailedException{url='http://bcch.ahnw.gov.cn/UploadFiles/ls-xmc-12/7.JPG', params='', message='Response{protocol=http/1.1, code=404, message=Not Found, url=http://bcch.ahnw.gov.cn/UploadFiles/ls-xmc-12/7.JPG}'}
2016-08-22 22:42:21  [ main:4044242 ] - [ ERROR ]  RequestFailedException{url='http://bcch.ahnw.gov.cn/UploadFiles/bc-dbb-04/3.JPG', params='', message='connect timed out'}
2016-08-22 22:43:07  [ main:4091018 ] - [ ERROR ]  RequestFailedException{url='http://bcch.ahnw.gov.cn/UploadFiles/ls-ymc-04/1.JPG', params='', message='Response{protocol=http/1.1, code=404, message=Not Found, url=http://bcch.ahnw.gov.cn/UploadFiles/ls-ymc-04/1.JPG}'}
2016-08-22 22:43:07  [ main:4091085 ] - [ ERROR ]  RequestFailedException{url='http://bcch.ahnw.gov.cn/UploadFiles/ls-ymc-04/2.JPG', params='', message='Response{protocol=http/1.1, code=404, message=Not Found, url=http://bcch.ahnw.gov.cn/UploadFiles/ls-ymc-04/2.JPG}'}
2016-08-22 22:43:07  [ main:4091144 ] - [ ERROR ]  RequestFailedException{url='http://bcch.ahnw.gov.cn/UploadFiles/ls-ymc-04/3.JPG', params='', message='Response{protocol=http/1.1, code=404, message=Not Found, url=http://bcch.ahnw.gov.cn/UploadFiles/ls-ymc-04/3.JPG}'}
2016-08-22 22:43:08  [ main:4091226 ] - [ ERROR ]  RequestFailedException{url='http://bcch.ahnw.gov.cn/UploadFiles/ls-ymc-04/4.JPG', params='', message='Response{protocol=http/1.1, code=404, message=Not Found, url=http://bcch.ahnw.gov.cn/UploadFiles/ls-ymc-04/4.JPG}'}
2016-08-22 22:43:08  [ main:4091291 ] - [ ERROR ]  RequestFailedException{url='http://bcch.ahnw.gov.cn/UploadFiles/ls-ymc-04/5.JPG', params='', message='Response{protocol=http/1.1, code=404, message=Not Found, url=http://bcch.ahnw.gov.cn/UploadFiles/ls-ymc-04/5.JPG}'}
2016-08-22 22:43:08  [ main:4091597 ] - [ ERROR ]  RequestFailedException{url='http://bcch.ahnw.gov.cn/UploadFiles/ls-ymc-04/6.JPG', params='', message='Response{protocol=http/1.1, code=404, message=Not Found, url=http://bcch.ahnw.gov.cn/UploadFiles/ls-ymc-04/6.JPG}'}
2016-08-22 22:44:25  [ main:4169204 ] - [ ERROR ]  RequestFailedException{url='http://bcch.ahnw.gov.cn/UploadFiles/ls-sdc-01/5.JPG', params='', message='connect timed out'}
